
Analyzing JSON file: public/data/combined_market_data.json
- Key: 2024-04-01
    - Key: Wage (non-qualified labour)
        - Key: Sayoun City
            - Key: South
                - (Data truncated at max depth)
            - Key: Unified
                - (Data truncated at max depth)
        - Key: Mukalla City
            - Key: South
                - (Data truncated at max depth)
            - Key: Unified
                - (Data truncated at max depth)
        - Key: Marib City
            - Key: South
                - (Data truncated at max depth)
            - Key: Unified
                - (Data truncated at max depth)
        - Key: Ibb City
            - Key: Unified
                - (Data truncated at max depth)
            - Key: North
                - (Data truncated at max depth)
        - Key: Soqatra (Hudaibo)
            - Key: Unified
                - (Data truncated at max depth)
            - Key: South
                - (Data truncated at max depth)
        - ... 15 more keys
    - Key: Rice (imported)
        - Key: Sana'a City
            - Key: North
                - (Data truncated at max depth)
            - Key: Unified
                - (Data truncated at max depth)
        - Key: Mukalla City
            - Key: Unified
                - (Data truncated at max depth)
            - Key: South
                - (Data truncated at max depth)
        - Key: Dhamar City
            - Key: Unified
                - (Data truncated at max depth)
            - Key: North
                - (Data truncated at max depth)
        - Key: Al Bayda City
            - Key: North
                - (Data truncated at max depth)
            - Key: Unified
                - (Data truncated at max depth)
        - Key: Mahweet City
            - Key: North
                - (Data truncated at max depth)
            - Key: Unified
                - (Data truncated at max depth)
        - ... 15 more keys
    - Key: Salt
        - Key: Ibb City
            - Key: Unified
                - (Data truncated at max depth)
            - Key: North
                - (Data truncated at max depth)
        - Key: Aden City
            - Key: South
                - (Data truncated at max depth)
            - Key: Unified
                - (Data truncated at max depth)
        - Key: Al Jabeen
            - Key: Unified
                - (Data truncated at max depth)
            - Key: North
                - (Data truncated at max depth)
        - Key: Amran City
            - Key: North
                - (Data truncated at max depth)
            - Key: Unified
                - (Data truncated at max depth)
        - Key: Al Bayda City
            - Key: North
                - (Data truncated at max depth)
            - Key: Unified
                - (Data truncated at max depth)
        - ... 15 more keys
    - Key: Exchange rate (unofficial)
        - Key: Sayoun City
            - Key: South
                - (Data truncated at max depth)
            - Key: Unified
                - (Data truncated at max depth)
        - Key: Zungubar City
            - Key: Unified
                - (Data truncated at max depth)
            - Key: South
                - (Data truncated at max depth)
        - Key: Central Ataq
            - Key: Unified
                - (Data truncated at max depth)
            - Key: South
                - (Data truncated at max depth)
        - Key: Jihana Almarkazi
            - Key: North
                - (Data truncated at max depth)
            - Key: Unified
                - (Data truncated at max depth)
        - Key: Taiz City
            - Key: Unified
                - (Data truncated at max depth)
            - Key: South
                - (Data truncated at max depth)
        - ... 15 more keys
    - Key: Sugar
        - Key: Soqatra (Hudaibo)
            - Key: Unified
                - (Data truncated at max depth)
            - Key: South
                - (Data truncated at max depth)
        - Key: Central Ataq
            - Key: Unified
                - (Data truncated at max depth)
            - Key: South
                - (Data truncated at max depth)
        - Key: Aden City
            - Key: South
                - (Data truncated at max depth)
            - Key: Unified
                - (Data truncated at max depth)
        - Key: Mahweet City
            - Key: North
                - (Data truncated at max depth)
            - Key: Unified
                - (Data truncated at max depth)
        - Key: Zungubar City
            - Key: South
                - (Data truncated at max depth)
            - Key: Unified
                - (Data truncated at max depth)
        - ... 15 more keys
    - ... 17 more keys
- Key: 2021-11-01
    - Key: Fuel (gas)
        - Key: Mahweet City
            - Key: Unified
                - (Data truncated at max depth)
            - Key: North
                - (Data truncated at max depth)
        - Key: Al Bayda City
            - Key: North
                - (Data truncated at max depth)
            - Key: Unified
                - (Data truncated at max depth)
        - Key: Al Hazum
            - Key: Unified
                - (Data truncated at max depth)
            - Key: North
                - (Data truncated at max depth)
        - Key: Central Ataq
            - Key: Unified
                - (Data truncated at max depth)
            - Key: South
                - (Data truncated at max depth)
        - Key: Ibb City
            - Key: Unified
                - (Data truncated at max depth)
            - Key: North
                - (Data truncated at max depth)
        - ... 15 more keys
    - Key: Livestock (sheep, two-year-old male)
        - Key: Al Hazum
            - Key: Unified
                - (Data truncated at max depth)
            - Key: North
                - (Data truncated at max depth)
        - Key: Central Ataq
            - Key: Unified
                - (Data truncated at max depth)
            - Key: South
                - (Data truncated at max depth)
        - Key: Taiz City
            - Key: Unified
                - (Data truncated at max depth)
            - Key: South
                - (Data truncated at max depth)
        - Key: Aden City
            - Key: Unified
                - (Data truncated at max depth)
            - Key: South
                - (Data truncated at max depth)
        - Key: Sayoun City
            - Key: South
                - (Data truncated at max depth)
            - Key: Unified
                - (Data truncated at max depth)
        - ... 15 more keys
    - Key: Onions
        - Key: Al Bayda City
            - Key: Unified
                - (Data truncated at max depth)
            - Key: North
                - (Data truncated at max depth)
        - Key: Taiz City
            - Key: South
                - (Data truncated at max depth)
            - Key: Unified
                - (Data truncated at max depth)
        - Key: Mukalla City
            - Key: Unified
                - (Data truncated at max depth)
            - Key: South
                - (Data truncated at max depth)
        - Key: Jihana Almarkazi
            - Key: North
                - (Data truncated at max depth)
            - Key: Unified
                - (Data truncated at max depth)
        - Key: Dhamar City
            - Key: North
                - (Data truncated at max depth)
            - Key: Unified
                - (Data truncated at max depth)
        - ... 15 more keys
    - Key: Millet
        - Key: Alsuail
            - Key: Unified
                - (Data truncated at max depth)
            - Key: North
                - (Data truncated at max depth)
        - Key: Mukalla City
            - Key: Unified
                - (Data truncated at max depth)
            - Key: South
                - (Data truncated at max depth)
        - Key: Sana'a City
            - Key: Unified
                - (Data truncated at max depth)
            - Key: North
                - (Data truncated at max depth)
        - Key: Dhamar City
            - Key: Unified
                - (Data truncated at max depth)
            - Key: North
                - (Data truncated at max depth)
    - Key: Sorghum
        - Key: Alsuail
            - Key: Unified
                - (Data truncated at max depth)
            - Key: North
                - (Data truncated at max depth)
        - Key: Dhamar City
            - Key: Unified
                - (Data truncated at max depth)
            - Key: North
                - (Data truncated at max depth)
        - Key: Sana'a City
            - Key: Unified
                - (Data truncated at max depth)
            - Key: North
                - (Data truncated at max depth)
        - Key: Mukalla City
            - Key: South
                - (Data truncated at max depth)
            - Key: Unified
                - (Data truncated at max depth)
    - ... 19 more keys
- Key: 2021-04-01
    - Key: Beans (white)
        - Key: Central Ataq
            - Key: Unified
                - (Data truncated at max depth)
            - Key: South
                - (Data truncated at max depth)
        - Key: Amran City
            - Key: North
                - (Data truncated at max depth)
            - Key: Unified
                - (Data truncated at max depth)
        - Key: Sana'a City
            - Key: North
                - (Data truncated at max depth)
            - Key: Unified
                - (Data truncated at max depth)
        - Key: Jihana Almarkazi
            - Key: North
                - (Data truncated at max depth)
            - Key: Unified
                - (Data truncated at max depth)
        - Key: Al Jabeen
            - Key: North
                - (Data truncated at max depth)
            - Key: Unified
                - (Data truncated at max depth)
        - ... 15 more keys
    - Key: Onions
        - Key: Alduhamih
            - Key: North
                - (Data truncated at max depth)
            - Key: Unified
                - (Data truncated at max depth)
        - Key: Alsuail
            - Key: North
                - (Data truncated at max depth)
            - Key: Unified
                - (Data truncated at max depth)
        - Key: Central Ataq
            - Key: South
                - (Data truncated at max depth)
            - Key: Unified
                - (Data truncated at max depth)
        - Key: Sayoun City
            - Key: Unified
                - (Data truncated at max depth)
            - Key: South
                - (Data truncated at max depth)
        - Key: Taiz City
            - Key: Unified
                - (Data truncated at max depth)
            - Key: South
                - (Data truncated at max depth)
        - ... 15 more keys
    - Key: Millet
        - Key: Alduhamih
            - Key: Unified
                - (Data truncated at max depth)
            - Key: North
                - (Data truncated at max depth)
        - Key: Sana'a City
            - Key: North
                - (Data truncated at max depth)
            - Key: Unified
                - (Data truncated at max depth)
        - Key: Dhamar City
            - Key: North
                - (Data truncated at max depth)
            - Key: Unified
                - (Data truncated at max depth)
        - Key: Mukalla City
            - Key: Unified
                - (Data truncated at max depth)
            - Key: South
                - (Data truncated at max depth)
        - Key: Alsuail
            - Key: North
                - (Data truncated at max depth)
            - Key: Unified
                - (Data truncated at max depth)
    - Key: Fuel (petrol-gasoline)
        - Key: Al Jabeen
            - Key: Unified
                - (Data truncated at max depth)
            - Key: North
                - (Data truncated at max depth)
        - Key: Zungubar City
            - Key: Unified
                - (Data truncated at max depth)
            - Key: South
                - (Data truncated at max depth)
        - Key: Soqatra (Hudaibo)
            - Key: South
                - (Data truncated at max depth)
            - Key: Unified
                - (Data truncated at max depth)
        - Key: Dhamar City
            - Key: Unified
                - (Data truncated at max depth)
            - Key: North
                - (Data truncated at max depth)
        - Key: Alsuail
            - Key: North
                - (Data truncated at max depth)
            - Key: Unified
                - (Data truncated at max depth)
        - ... 15 more keys
    - Key: Wage (non-qualified labour)
        - Key: Ibb City
            - Key: Unified
                - (Data truncated at max depth)
            - Key: North
                - (Data truncated at max depth)
        - Key: Al Ghaidha
            - Key: South
                - (Data truncated at max depth)
            - Key: Unified
                - (Data truncated at max depth)
        - Key: Marib City
            - Key: South
                - (Data truncated at max depth)
            - Key: Unified
                - (Data truncated at max depth)
        - Key: Dhamar City
            - Key: Unified
                - (Data truncated at max depth)
            - Key: North
                - (Data truncated at max depth)
        - Key: Central Ataq
            - Key: South
                - (Data truncated at max depth)
            - Key: Unified
                - (Data truncated at max depth)
        - ... 15 more keys
    - ... 19 more keys
- Key: 2023-03-01
    - Key: Sugar
        - Key: Mukalla City
            - Key: South
                - (Data truncated at max depth)
            - Key: Unified
                - (Data truncated at max depth)
        - Key: Al Jabeen
            - Key: Unified
                - (Data truncated at max depth)
            - Key: North
                - (Data truncated at max depth)
        - Key: Sana'a City
            - Key: Unified
                - (Data truncated at max depth)
            - Key: North
                - (Data truncated at max depth)
        - Key: Taiz City
            - Key: Unified
                - (Data truncated at max depth)
            - Key: South
                - (Data truncated at max depth)
        - Key: Amran City
            - Key: Unified
                - (Data truncated at max depth)
            - Key: North
                - (Data truncated at max depth)
        - ... 15 more keys
    - Key: Peas (yellow, split)
        - Key: Dhamar City
            - Key: Unified
                - (Data truncated at max depth)
            - Key: North
                - (Data truncated at max depth)
        - Key: Soqatra (Hudaibo)
            - Key: Unified
                - (Data truncated at max depth)
            - Key: South
                - (Data truncated at max depth)
        - Key: Alduhamih
            - Key: North
                - (Data truncated at max depth)
            - Key: Unified
                - (Data truncated at max depth)
        - Key: Aden City
            - Key: South
                - (Data truncated at max depth)
            - Key: Unified
                - (Data truncated at max depth)
        - Key: Mahweet City
            - Key: North
                - (Data truncated at max depth)
            - Key: Unified
                - (Data truncated at max depth)
        - ... 8 more keys
    - Key: Fuel (petrol-gasoline)
        - Key: Al Bayda City
            - Key: Unified
                - (Data truncated at max depth)
            - Key: North
                - (Data truncated at max depth)
        - Key: Mahweet City
            - Key: Unified
                - (Data truncated at max depth)
            - Key: North
                - (Data truncated at max depth)
        - Key: Alsuail
            - Key: North
                - (Data truncated at max depth)
            - Key: Unified
                - (Data truncated at max depth)
        - Key: Jihana Almarkazi
            - Key: Unified
                - (Data truncated at max depth)
            - Key: North
                - (Data truncated at max depth)
        - Key: Alduhamih
            - Key: Unified
                - (Data truncated at max depth)
            - Key: North
                - (Data truncated at max depth)
        - ... 15 more keys
    - Key: Oil (vegetable)
        - Key: Ibb City
            - Key: North
                - (Data truncated at max depth)
            - Key: Unified
                - (Data truncated at max depth)
        - Key: Marib City
            - Key: Unified
                - (Data truncated at max depth)
            - Key: South
                - (Data truncated at max depth)
        - Key: Jihana Almarkazi
            - Key: Unified
                - (Data truncated at max depth)
            - Key: North
                - (Data truncated at max depth)
        - Key: Mahweet City
            - Key: Unified
                - (Data truncated at max depth)
            - Key: North
                - (Data truncated at max depth)
        - Key: Al Bayda City
            - Key: North
                - (Data truncated at max depth)
            - Key: Unified
                - (Data truncated at max depth)
        - ... 15 more keys
    - Key: Exchange rate (unofficial)
        - Key: Al Ghaidha
            - Key: Unified
                - (Data truncated at max depth)
            - Key: South
                - (Data truncated at max depth)
        - Key: Al Jabeen
            - Key: North
                - (Data truncated at max depth)
            - Key: Unified
                - (Data truncated at max depth)
        - Key: Alduhamih
            - Key: North
                - (Data truncated at max depth)
            - Key: Unified
                - (Data truncated at max depth)
        - Key: Mahweet City
            - Key: North
                - (Data truncated at max depth)
            - Key: Unified
                - (Data truncated at max depth)
        - Key: Marib City
            - Key: Unified
                - (Data truncated at max depth)
            - Key: South
                - (Data truncated at max depth)
        - ... 15 more keys
    - ... 17 more keys
- Key: 2023-12-01
    - Key: Exchange rate (unofficial)
        - Key: Zungubar City
            - Key: Unified
                - (Data truncated at max depth)
            - Key: South
                - (Data truncated at max depth)
        - Key: Al Jabeen
            - Key: Unified
                - (Data truncated at max depth)
            - Key: North
                - (Data truncated at max depth)
        - Key: Alduhamih
            - Key: North
                - (Data truncated at max depth)
            - Key: Unified
                - (Data truncated at max depth)
        - Key: Marib City
            - Key: South
                - (Data truncated at max depth)
            - Key: Unified
                - (Data truncated at max depth)
        - Key: Sayoun City
            - Key: South
                - (Data truncated at max depth)
            - Key: Unified
                - (Data truncated at max depth)
        - ... 15 more keys
    - Key: Salt
        - Key: Amran City
            - Key: North
                - (Data truncated at max depth)
            - Key: Unified
                - (Data truncated at max depth)
        - Key: Aden City
            - Key: Unified
                - (Data truncated at max depth)
            - Key: South
                - (Data truncated at max depth)
        - Key: Zungubar City
            - Key: Unified
                - (Data truncated at max depth)
            - Key: South
                - (Data truncated at max depth)
        - Key: Alsuail
            - Key: Unified
                - (Data truncated at max depth)
            - Key: North
                - (Data truncated at max depth)
        - Key: Sayoun City
            - Key: Unified
                - (Data truncated at max depth)
            - Key: South
                - (Data truncated at max depth)
        - ... 15 more keys
    - Key: Beans (kidney red)
        - Key: Al Jabeen
            - Key: Unified
                - (Data truncated at max depth)
            - Key: North
                - (Data truncated at max depth)
        - Key: Soqatra (Hudaibo)
            - Key: South
                - (Data truncated at max depth)
            - Key: Unified
                - (Data truncated at max depth)
        - Key: Jihana Almarkazi
            - Key: North
                - (Data truncated at max depth)
            - Key: Unified
                - (Data truncated at max depth)
        - Key: Sayoun City
            - Key: Unified
                - (Data truncated at max depth)
            - Key: South
                - (Data truncated at max depth)
        - Key: Al Ghaidha
            - Key: South
                - (Data truncated at max depth)
            - Key: Unified
                - (Data truncated at max depth)
        - ... 15 more keys
    - Key: Onions
        - Key: Sana'a City
            - Key: Unified
                - (Data truncated at max depth)
            - Key: North
                - (Data truncated at max depth)
        - Key: Mukalla City
            - Key: Unified
                - (Data truncated at max depth)
            - Key: South
                - (Data truncated at max depth)
        - Key: Zungubar City
            - Key: South
                - (Data truncated at max depth)
            - Key: Unified
                - (Data truncated at max depth)
        - Key: Ibb City
            - Key: North
                - (Data truncated at max depth)
            - Key: Unified
                - (Data truncated at max depth)
        - Key: Mahweet City
            - Key: North
                - (Data truncated at max depth)
            - Key: Unified
                - (Data truncated at max depth)
        - ... 15 more keys
    - Key: Eggs
        - Key: Al Bayda City
            - Key: North
                - (Data truncated at max depth)
            - Key: Unified
                - (Data truncated at max depth)
        - Key: Dhamar City
            - Key: Unified
                - (Data truncated at max depth)
            - Key: North
                - (Data truncated at max depth)
        - Key: Mahweet City
            - Key: North
                - (Data truncated at max depth)
            - Key: Unified
                - (Data truncated at max depth)
        - Key: Ibb City
            - Key: Unified
                - (Data truncated at max depth)
            - Key: North
                - (Data truncated at max depth)
        - Key: Sayoun City
            - Key: South
                - (Data truncated at max depth)
            - Key: Unified
                - (Data truncated at max depth)
        - ... 15 more keys
    - ... 17 more keys
- ... 40 more keys

Analyzing JSON file: public/data/cointegration_results.json
- Key: ('Lentils', 'North')
    - Key: engle_granger
        - Key: cointegrated
            - Value: True
        - Key: p_value
            - Value: 5.2961308362367496e-06
        - Key: critical_values
            - List with 3 elements
              - Item 1
                - (Data truncated at max depth)
              - Item 2
                - (Data truncated at max depth)
              - Item 3
                - (Data truncated at max depth)
        - Key: cointegration_statistic
            - Value: -5.742328374909977
    - Key: price_transformation
        - Value: original
    - Key: conflict_transformation
        - Value: diff
- Key: ('Fuel (diesel)', 'Unified')
    - Key: conflict_transformation
        - Value: original
    - Key: price_transformation
        - Value: original
    - Key: engle_granger
        - Key: critical_values
            - List with 3 elements
              - Item 1
                - (Data truncated at max depth)
              - Item 2
                - (Data truncated at max depth)
              - Item 3
                - (Data truncated at max depth)
        - Key: cointegrated
            - Value: True
        - Key: cointegration_statistic
            - Value: -7.3488962714313315
        - Key: p_value
            - Value: 8.227460905194177e-10
- Key: ('Fuel (diesel)', 'North')
    - Key: price_transformation
        - Value: original
    - Key: engle_granger
        - Key: critical_values
            - List with 3 elements
              - Item 1
                - (Data truncated at max depth)
              - Item 2
                - (Data truncated at max depth)
              - Item 3
                - (Data truncated at max depth)
        - Key: cointegration_statistic
            - Value: -7.113930882338562
        - Key: p_value
            - Value: 3.25964771903514e-09
        - Key: cointegrated
            - Value: True
    - Key: conflict_transformation
        - Value: original
- Key: ('Fuel (diesel)', 'South')
    - Key: engle_granger
        - Key: cointegrated
            - Value: True
        - Key: p_value
            - Value: 4.259139224705073e-06
        - Key: cointegration_statistic
            - Value: -5.786473503600893
        - Key: critical_values
            - List with 3 elements
              - Item 1
                - (Data truncated at max depth)
              - Item 2
                - (Data truncated at max depth)
              - Item 3
                - (Data truncated at max depth)
    - Key: conflict_transformation
        - Value: diff
    - Key: price_transformation
        - Value: original
- Key: ('Fuel (petrol-gasoline)', 'North')
    - Key: engle_granger
        - Key: p_value
            - Value: 1.4391644046462804e-08
        - Key: cointegration_statistic
            - Value: -6.854874570899494
        - Key: critical_values
            - List with 3 elements
              - Item 1
                - (Data truncated at max depth)
              - Item 2
                - (Data truncated at max depth)
              - Item 3
                - (Data truncated at max depth)
        - Key: cointegrated
            - Value: True
    - Key: conflict_transformation
        - Value: original
    - Key: price_transformation
        - Value: original
- ... 46 more keys

Analyzing JSON file: public/data/granger_causality_results.json
- Key: ('Fuel (gas)', 'South')
    - Key: conflict_intensity
        - Key: 9
            - Value: 0.8935634149455832
        - Key: 11
            - Value: 0.9532033910694502
        - Key: 1
            - Value: 0.2356905625150797
        - Key: 8
            - Value: 0.8332908317558025
        - Key: 10
            - Value: 0.9443042934623563
        - ... 7 more keys
- Key: ('Onions', 'South')
    - Key: conflict_intensity
        - Key: 6
            - Value: 0.4064689950480978
        - Key: 9
            - Value: 0.5470589771475314
        - Key: 5
            - Value: 0.3346619066119801
        - Key: 11
            - Value: 0.4369603569180863
        - Key: 10
            - Value: 0.42219860051294217
        - ... 7 more keys
- Key: ('Wheat flour', 'Unified')
    - Key: conflict_intensity
        - Key: 6
            - Value: 0.3509002924311304
        - Key: 8
            - Value: 0.4254456677169422
        - Key: 2
            - Value: 0.462885258265353
        - Key: 7
            - Value: 0.42443843589488156
        - Key: 4
            - Value: 0.3447162875637559
        - ... 7 more keys
- Key: ('Beans (white)', 'North')
    - Key: conflict_intensity
        - Key: 12
            - Value: 0.015431264258533505
        - Key: 4
            - Value: 0.004647466386086983
        - Key: 11
            - Value: 0.011895245324899387
        - Key: 3
            - Value: 0.08751718218169834
        - Key: 5
            - Value: 0.007207273298340423
        - ... 7 more keys
- Key: ('Beans (kidney red)', 'North')
    - Key: conflict_intensity
        - Key: 8
            - Value: 0.8005431971464133
        - Key: 12
            - Value: 0.7113421789706127
        - Key: 2
            - Value: 0.0606631397218737
        - Key: 6
            - Value: 0.21821757652544874
        - Key: 1
            - Value: 0.6431250975274044
        - ... 7 more keys
- ... 46 more keys

Analyzing JSON file: public/data/stationarity_results.json
- Key: ('Livestock (sheep, two-year-old male)', 'South')
    - Key: usdprice
        - Key: results
            - Key: diff
                - (Data truncated at max depth)
            - Key: original
                - (Data truncated at max depth)
        - Key: series
            - List with 358 elements
              - Item 1
                - (Data truncated at max depth)
              - Item 2
                - (Data truncated at max depth)
              - Item 3
                - (Data truncated at max depth)
              - Item 4
                - (Data truncated at max depth)
              - Item 5
                - (Data truncated at max depth)
            - ... 353 more items
        - Key: transformation
            - Value: diff
    - Key: conflict_intensity
        - Key: series
            - List with 358 elements
              - Item 1
                - (Data truncated at max depth)
              - Item 2
                - (Data truncated at max depth)
              - Item 3
                - (Data truncated at max depth)
              - Item 4
                - (Data truncated at max depth)
              - Item 5
                - (Data truncated at max depth)
            - ... 353 more items
        - Key: transformation
            - Value: diff
        - Key: results
            - Key: diff
                - (Data truncated at max depth)
            - Key: original
                - (Data truncated at max depth)
- Key: ('Fuel (gas)', 'Unified')
    - Key: conflict_intensity
        - Key: transformation
            - Value: original
        - Key: results
            - Key: original
                - (Data truncated at max depth)
        - Key: series
            - List with 800 elements
              - Item 1
                - (Data truncated at max depth)
              - Item 2
                - (Data truncated at max depth)
              - Item 3
                - (Data truncated at max depth)
              - Item 4
                - (Data truncated at max depth)
              - Item 5
                - (Data truncated at max depth)
            - ... 795 more items
    - Key: usdprice
        - Key: transformation
            - Value: original
        - Key: series
            - List with 800 elements
              - Item 1
                - (Data truncated at max depth)
              - Item 2
                - (Data truncated at max depth)
              - Item 3
                - (Data truncated at max depth)
              - Item 4
                - (Data truncated at max depth)
              - Item 5
                - (Data truncated at max depth)
            - ... 795 more items
        - Key: results
            - Key: original
                - (Data truncated at max depth)
- Key: ('Fuel (petrol-gasoline)', 'Unified')
    - Key: usdprice
        - Key: series
            - List with 800 elements
              - Item 1
                - (Data truncated at max depth)
              - Item 2
                - (Data truncated at max depth)
              - Item 3
                - (Data truncated at max depth)
              - Item 4
                - (Data truncated at max depth)
              - Item 5
                - (Data truncated at max depth)
            - ... 795 more items
        - Key: transformation
            - Value: original
        - Key: results
            - Key: original
                - (Data truncated at max depth)
    - Key: conflict_intensity
        - Key: series
            - List with 800 elements
              - Item 1
                - (Data truncated at max depth)
              - Item 2
                - (Data truncated at max depth)
              - Item 3
                - (Data truncated at max depth)
              - Item 4
                - (Data truncated at max depth)
              - Item 5
                - (Data truncated at max depth)
            - ... 795 more items
        - Key: transformation
            - Value: original
        - Key: results
            - Key: original
                - (Data truncated at max depth)
- Key: ('Peas (yellow, split)', 'South')
    - Key: conflict_intensity
        - Key: series
            - List with 184 elements
              - Item 1
                - (Data truncated at max depth)
              - Item 2
                - (Data truncated at max depth)
              - Item 3
                - (Data truncated at max depth)
              - Item 4
                - (Data truncated at max depth)
              - Item 5
                - (Data truncated at max depth)
            - ... 179 more items
        - Key: results
            - Key: original
                - (Data truncated at max depth)
            - Key: diff
                - (Data truncated at max depth)
        - Key: transformation
            - Value: diff
    - Key: usdprice
        - Key: series
            - List with 184 elements
              - Item 1
                - (Data truncated at max depth)
              - Item 2
                - (Data truncated at max depth)
              - Item 3
                - (Data truncated at max depth)
              - Item 4
                - (Data truncated at max depth)
              - Item 5
                - (Data truncated at max depth)
            - ... 179 more items
        - Key: transformation
            - Value: diff
        - Key: results
            - Key: original
                - (Data truncated at max depth)
            - Key: diff
                - (Data truncated at max depth)
- Key: ('Fuel (gas)', 'South')
    - Key: usdprice
        - Key: results
            - Key: original
                - (Data truncated at max depth)
            - Key: diff
                - (Data truncated at max depth)
        - Key: transformation
            - Value: diff
        - Key: series
            - List with 359 elements
              - Item 1
                - (Data truncated at max depth)
              - Item 2
                - (Data truncated at max depth)
              - Item 3
                - (Data truncated at max depth)
              - Item 4
                - (Data truncated at max depth)
              - Item 5
                - (Data truncated at max depth)
            - ... 354 more items
    - Key: conflict_intensity
        - Key: results
            - Key: diff
                - (Data truncated at max depth)
            - Key: original
                - (Data truncated at max depth)
        - Key: transformation
            - Value: diff
        - Key: series
            - List with 359 elements
              - Item 1
                - (Data truncated at max depth)
              - Item 2
                - (Data truncated at max depth)
              - Item 3
                - (Data truncated at max depth)
              - Item 4
                - (Data truncated at max depth)
              - Item 5
                - (Data truncated at max depth)
            - ... 354 more items
- ... 5 more keys

Analyzing JSON file: public/data/ecm_analysis_results.json
- Key: Fuel (diesel)
    - Key: North
        - Key: fitted_values
            - List with 677 elements
              - Item 1
                - (Data truncated at max depth)
              - Item 2
                - (Data truncated at max depth)
              - Item 3
                - (Data truncated at max depth)
              - Item 4
                - (Data truncated at max depth)
              - Item 5
                - (Data truncated at max depth)
            - ... 672 more items
        - Key: irfs
            - Key: impulse_response
                - (Data truncated at max depth)
        - Key: fit_metrics
            - Key: AIC
                - (Data truncated at max depth)
            - Key: BIC
                - (Data truncated at max depth)
            - Key: Adj_R_Squared
                - (Data truncated at max depth)
            - Key: Log_Likelihood
                - (Data truncated at max depth)
            - Key: R_Squared
                - (Data truncated at max depth)
            - ... 2 more keys
        - Key: diagnostics
            - Key: acf
                - (Data truncated at max depth)
            - Key: breusch_godfrey_pvalue
                - (Data truncated at max depth)
            - Key: kurtosis
                - (Data truncated at max depth)
            - Key: pacf
                - (Data truncated at max depth)
            - Key: durbin_watson_stat
                - (Data truncated at max depth)
            - ... 4 more keys
        - Key: granger_causality
            - Key: conflict_intensity
                - (Data truncated at max depth)
        - ... 2 more keys
    - Key: South
        - Key: fitted_values
            - List with 518 elements
              - Item 1
                - (Data truncated at max depth)
              - Item 2
                - (Data truncated at max depth)
              - Item 3
                - (Data truncated at max depth)
              - Item 4
                - (Data truncated at max depth)
              - Item 5
                - (Data truncated at max depth)
            - ... 513 more items
        - Key: residuals
            - List with 518 elements
              - Item 1
                - (Data truncated at max depth)
              - Item 2
                - (Data truncated at max depth)
              - Item 3
                - (Data truncated at max depth)
              - Item 4
                - (Data truncated at max depth)
              - Item 5
                - (Data truncated at max depth)
            - ... 513 more items
        - Key: granger_causality
            - Key: conflict_intensity
                - (Data truncated at max depth)
        - Key: fit_metrics
            - Key: R_Squared
                - (Data truncated at max depth)
            - Key: AIC
                - (Data truncated at max depth)
            - Key: Adj_R_Squared
                - (Data truncated at max depth)
            - Key: F_Statistic
                - (Data truncated at max depth)
            - Key: Log_Likelihood
                - (Data truncated at max depth)
            - ... 2 more keys
        - Key: irfs
            - Key: impulse_response
                - (Data truncated at max depth)
        - ... 2 more keys
    - Key: Unified
        - Key: diagnostics
            - Key: breusch_godfrey_pvalue
                - (Data truncated at max depth)
            - Key: jarque_bera_pvalue
                - (Data truncated at max depth)
            - Key: durbin_watson_stat
                - (Data truncated at max depth)
            - Key: kurtosis
                - (Data truncated at max depth)
            - Key: breusch_pagan_pvalue
                - (Data truncated at max depth)
            - ... 4 more keys
        - Key: residuals
            - List with 850 elements
              - Item 1
                - (Data truncated at max depth)
              - Item 2
                - (Data truncated at max depth)
              - Item 3
                - (Data truncated at max depth)
              - Item 4
                - (Data truncated at max depth)
              - Item 5
                - (Data truncated at max depth)
            - ... 845 more items
        - Key: fitted_values
            - List with 850 elements
              - Item 1
                - (Data truncated at max depth)
              - Item 2
                - (Data truncated at max depth)
              - Item 3
                - (Data truncated at max depth)
              - Item 4
                - (Data truncated at max depth)
              - Item 5
                - (Data truncated at max depth)
            - ... 845 more items
        - Key: coefficients
            - Key: -0.008504417758145887[7]
                - (Data truncated at max depth)
            - Key: -0.037999624027640726[3]
                - (Data truncated at max depth)
            - Key: -0.11163261284938975[8]
                - (Data truncated at max depth)
            - Key: -0.0632399009742539[10]
                - (Data truncated at max depth)
            - Key: -0.3040926956070721[4]
                - (Data truncated at max depth)
            - ... 7 more keys
        - Key: granger_causality
            - Key: conflict_intensity
                - (Data truncated at max depth)
        - ... 2 more keys
- Key: Sugar
    - Key: Unified
        - Key: fit_metrics
            - Key: BIC
                - (Data truncated at max depth)
            - Key: HQIC
                - (Data truncated at max depth)
            - Key: Log_Likelihood
                - (Data truncated at max depth)
            - Key: F_Statistic
                - (Data truncated at max depth)
            - Key: R_Squared
                - (Data truncated at max depth)
            - ... 2 more keys
        - Key: irfs
            - Key: impulse_response
                - (Data truncated at max depth)
        - Key: diagnostics
            - Key: breusch_pagan_pvalue
                - (Data truncated at max depth)
            - Key: durbin_watson_stat
                - (Data truncated at max depth)
            - Key: breusch_godfrey_pvalue
                - (Data truncated at max depth)
            - Key: arch_test_pvalue
                - (Data truncated at max depth)
            - Key: skewness
                - (Data truncated at max depth)
            - ... 4 more keys
        - Key: granger_causality
            - Key: conflict_intensity
                - (Data truncated at max depth)
        - Key: residuals
            - List with 850 elements
              - Item 1
                - (Data truncated at max depth)
              - Item 2
                - (Data truncated at max depth)
              - Item 3
                - (Data truncated at max depth)
              - Item 4
                - (Data truncated at max depth)
              - Item 5
                - (Data truncated at max depth)
            - ... 845 more items
        - ... 2 more keys
    - Key: North
        - Key: irfs
            - Key: impulse_response
                - (Data truncated at max depth)
        - Key: diagnostics
            - Key: breusch_pagan_pvalue
                - (Data truncated at max depth)
            - Key: pacf
                - (Data truncated at max depth)
            - Key: durbin_watson_stat
                - (Data truncated at max depth)
            - Key: kurtosis
                - (Data truncated at max depth)
            - Key: acf
                - (Data truncated at max depth)
            - ... 4 more keys
        - Key: residuals
            - List with 679 elements
              - Item 1
                - (Data truncated at max depth)
              - Item 2
                - (Data truncated at max depth)
              - Item 3
                - (Data truncated at max depth)
              - Item 4
                - (Data truncated at max depth)
              - Item 5
                - (Data truncated at max depth)
            - ... 674 more items
        - Key: fitted_values
            - List with 679 elements
              - Item 1
                - (Data truncated at max depth)
              - Item 2
                - (Data truncated at max depth)
              - Item 3
                - (Data truncated at max depth)
              - Item 4
                - (Data truncated at max depth)
              - Item 5
                - (Data truncated at max depth)
            - ... 674 more items
        - Key: fit_metrics
            - Key: R_Squared
                - (Data truncated at max depth)
            - Key: AIC
                - (Data truncated at max depth)
            - Key: BIC
                - (Data truncated at max depth)
            - Key: HQIC
                - (Data truncated at max depth)
            - Key: F_Statistic
                - (Data truncated at max depth)
            - ... 2 more keys
        - ... 2 more keys
    - Key: South
        - Key: irfs
            - Key: impulse_response
                - (Data truncated at max depth)
        - Key: fitted_values
            - List with 518 elements
              - Item 1
                - (Data truncated at max depth)
              - Item 2
                - (Data truncated at max depth)
              - Item 3
                - (Data truncated at max depth)
              - Item 4
                - (Data truncated at max depth)
              - Item 5
                - (Data truncated at max depth)
            - ... 513 more items
        - Key: residuals
            - List with 518 elements
              - Item 1
                - (Data truncated at max depth)
              - Item 2
                - (Data truncated at max depth)
              - Item 3
                - (Data truncated at max depth)
              - Item 4
                - (Data truncated at max depth)
              - Item 5
                - (Data truncated at max depth)
            - ... 513 more items
        - Key: diagnostics
            - Key: durbin_watson_stat
                - (Data truncated at max depth)
            - Key: skewness
                - (Data truncated at max depth)
            - Key: breusch_godfrey_pvalue
                - (Data truncated at max depth)
            - Key: jarque_bera_pvalue
                - (Data truncated at max depth)
            - Key: arch_test_pvalue
                - (Data truncated at max depth)
            - ... 4 more keys
        - Key: fit_metrics
            - Key: HQIC
                - (Data truncated at max depth)
            - Key: AIC
                - (Data truncated at max depth)
            - Key: Adj_R_Squared
                - (Data truncated at max depth)
            - Key: F_Statistic
                - (Data truncated at max depth)
            - Key: R_Squared
                - (Data truncated at max depth)
            - ... 2 more keys
        - ... 2 more keys
- Key: Tomatoes
    - Key: South
        - Key: fit_metrics
            - Key: AIC
                - (Data truncated at max depth)
            - Key: Log_Likelihood
                - (Data truncated at max depth)
            - Key: BIC
                - (Data truncated at max depth)
            - Key: Adj_R_Squared
                - (Data truncated at max depth)
            - Key: HQIC
                - (Data truncated at max depth)
            - ... 2 more keys
        - Key: residuals
            - List with 533 elements
              - Item 1
                - (Data truncated at max depth)
              - Item 2
                - (Data truncated at max depth)
              - Item 3
                - (Data truncated at max depth)
              - Item 4
                - (Data truncated at max depth)
              - Item 5
                - (Data truncated at max depth)
            - ... 528 more items
        - Key: granger_causality
            - Key: conflict_intensity
                - (Data truncated at max depth)
        - Key: irfs
            - Key: impulse_response
                - (Data truncated at max depth)
        - Key: diagnostics
            - Key: acf
                - (Data truncated at max depth)
            - Key: breusch_pagan_pvalue
                - (Data truncated at max depth)
            - Key: pacf
                - (Data truncated at max depth)
            - Key: jarque_bera_pvalue
                - (Data truncated at max depth)
            - Key: kurtosis
                - (Data truncated at max depth)
            - ... 4 more keys
        - ... 2 more keys
    - Key: Unified
        - Key: fitted_values
            - List with 863 elements
              - Item 1
                - (Data truncated at max depth)
              - Item 2
                - (Data truncated at max depth)
              - Item 3
                - (Data truncated at max depth)
              - Item 4
                - (Data truncated at max depth)
              - Item 5
                - (Data truncated at max depth)
            - ... 858 more items
        - Key: fit_metrics
            - Key: BIC
                - (Data truncated at max depth)
            - Key: F_Statistic
                - (Data truncated at max depth)
            - Key: Log_Likelihood
                - (Data truncated at max depth)
            - Key: AIC
                - (Data truncated at max depth)
            - Key: HQIC
                - (Data truncated at max depth)
            - ... 2 more keys
        - Key: coefficients
            - Key: 0.02964275105743261[7]
                - (Data truncated at max depth)
            - Key: -0.30940526678435887[1]
                - (Data truncated at max depth)
            - Key: 0.2261375706043046[8]
                - (Data truncated at max depth)
            - Key: -0.3642706808653392[6]
                - (Data truncated at max depth)
            - Key: 0.04386180074518406[5]
                - (Data truncated at max depth)
            - ... 7 more keys
        - Key: diagnostics
            - Key: acf
                - (Data truncated at max depth)
            - Key: kurtosis
                - (Data truncated at max depth)
            - Key: arch_test_pvalue
                - (Data truncated at max depth)
            - Key: durbin_watson_stat
                - (Data truncated at max depth)
            - Key: breusch_pagan_pvalue
                - (Data truncated at max depth)
            - ... 4 more keys
        - Key: granger_causality
            - Key: conflict_intensity
                - (Data truncated at max depth)
        - ... 2 more keys
    - Key: North
        - Key: irfs
            - Key: impulse_response
                - (Data truncated at max depth)
        - Key: fitted_values
            - List with 686 elements
              - Item 1
                - (Data truncated at max depth)
              - Item 2
                - (Data truncated at max depth)
              - Item 3
                - (Data truncated at max depth)
              - Item 4
                - (Data truncated at max depth)
              - Item 5
                - (Data truncated at max depth)
            - ... 681 more items
        - Key: residuals
            - List with 686 elements
              - Item 1
                - (Data truncated at max depth)
              - Item 2
                - (Data truncated at max depth)
              - Item 3
                - (Data truncated at max depth)
              - Item 4
                - (Data truncated at max depth)
              - Item 5
                - (Data truncated at max depth)
            - ... 681 more items
        - Key: granger_causality
            - Key: conflict_intensity
                - (Data truncated at max depth)
        - Key: fit_metrics
            - Key: HQIC
                - (Data truncated at max depth)
            - Key: F_Statistic
                - (Data truncated at max depth)
            - Key: R_Squared
                - (Data truncated at max depth)
            - Key: Adj_R_Squared
                - (Data truncated at max depth)
            - Key: Log_Likelihood
                - (Data truncated at max depth)
            - ... 2 more keys
        - ... 2 more keys
- Key: Rice (imported)
    - Key: North
        - Key: granger_causality
            - Key: conflict_intensity
                - (Data truncated at max depth)
        - Key: residuals
            - List with 626 elements
              - Item 1
                - (Data truncated at max depth)
              - Item 2
                - (Data truncated at max depth)
              - Item 3
                - (Data truncated at max depth)
              - Item 4
                - (Data truncated at max depth)
              - Item 5
                - (Data truncated at max depth)
            - ... 621 more items
        - Key: diagnostics
            - Key: jarque_bera_pvalue
                - (Data truncated at max depth)
            - Key: breusch_pagan_pvalue
                - (Data truncated at max depth)
            - Key: breusch_godfrey_pvalue
                - (Data truncated at max depth)
            - Key: acf
                - (Data truncated at max depth)
            - Key: kurtosis
                - (Data truncated at max depth)
            - ... 4 more keys
        - Key: fitted_values
            - List with 626 elements
              - Item 1
                - (Data truncated at max depth)
              - Item 2
                - (Data truncated at max depth)
              - Item 3
                - (Data truncated at max depth)
              - Item 4
                - (Data truncated at max depth)
              - Item 5
                - (Data truncated at max depth)
            - ... 621 more items
        - Key: irfs
            - Key: impulse_response
                - (Data truncated at max depth)
        - ... 2 more keys
    - Key: Unified
        - Key: fit_metrics
            - Key: Log_Likelihood
                - (Data truncated at max depth)
            - Key: F_Statistic
                - (Data truncated at max depth)
            - Key: Adj_R_Squared
                - (Data truncated at max depth)
            - Key: R_Squared
                - (Data truncated at max depth)
            - Key: AIC
                - (Data truncated at max depth)
            - ... 2 more keys
        - Key: coefficients
            - Key: 0.22861887777013845[1]
                - (Data truncated at max depth)
            - Key: -0.5059955383925209[9]
                - (Data truncated at max depth)
            - Key: -0.04094732442509622[10]
                - (Data truncated at max depth)
            - Key: -0.14999928118634656[8]
                - (Data truncated at max depth)
            - Key: -0.22186916625605702[0]
                - (Data truncated at max depth)
            - ... 7 more keys
        - Key: granger_causality
            - Key: conflict_intensity
                - (Data truncated at max depth)
        - Key: residuals
            - List with 850 elements
              - Item 1
                - (Data truncated at max depth)
              - Item 2
                - (Data truncated at max depth)
              - Item 3
                - (Data truncated at max depth)
              - Item 4
                - (Data truncated at max depth)
              - Item 5
                - (Data truncated at max depth)
            - ... 845 more items
        - Key: fitted_values
            - List with 850 elements
              - Item 1
                - (Data truncated at max depth)
              - Item 2
                - (Data truncated at max depth)
              - Item 3
                - (Data truncated at max depth)
              - Item 4
                - (Data truncated at max depth)
              - Item 5
                - (Data truncated at max depth)
            - ... 845 more items
        - ... 2 more keys
    - Key: South
        - Key: residuals
            - List with 517 elements
              - Item 1
                - (Data truncated at max depth)
              - Item 2
                - (Data truncated at max depth)
              - Item 3
                - (Data truncated at max depth)
              - Item 4
                - (Data truncated at max depth)
              - Item 5
                - (Data truncated at max depth)
            - ... 512 more items
        - Key: fitted_values
            - List with 517 elements
              - Item 1
                - (Data truncated at max depth)
              - Item 2
                - (Data truncated at max depth)
              - Item 3
                - (Data truncated at max depth)
              - Item 4
                - (Data truncated at max depth)
              - Item 5
                - (Data truncated at max depth)
            - ... 512 more items
        - Key: fit_metrics
            - Key: F_Statistic
                - (Data truncated at max depth)
            - Key: BIC
                - (Data truncated at max depth)
            - Key: AIC
                - (Data truncated at max depth)
            - Key: Adj_R_Squared
                - (Data truncated at max depth)
            - Key: R_Squared
                - (Data truncated at max depth)
            - ... 2 more keys
        - Key: coefficients
            - Key: -0.6938138366638238[4]
                - (Data truncated at max depth)
            - Key: 0.03576626333335724[8]
                - (Data truncated at max depth)
            - Key: -0.6011654146634672[6]
                - (Data truncated at max depth)
            - Key: -0.017808580774192694[0]
                - (Data truncated at max depth)
            - Key: -0.018302803884154707[5]
                - (Data truncated at max depth)
            - ... 7 more keys
        - Key: irfs
            - Key: impulse_response
                - (Data truncated at max depth)
        - ... 2 more keys
- Key: Oil (vegetable)
    - Key: Unified
        - Key: fit_metrics
            - Key: BIC
                - (Data truncated at max depth)
            - Key: Log_Likelihood
                - (Data truncated at max depth)
            - Key: R_Squared
                - (Data truncated at max depth)
            - Key: AIC
                - (Data truncated at max depth)
            - Key: Adj_R_Squared
                - (Data truncated at max depth)
            - ... 2 more keys
        - Key: coefficients
            - Key: -0.013966481840822415[7]
                - (Data truncated at max depth)
            - Key: -0.2727029855160506[4]
                - (Data truncated at max depth)
            - Key: -0.022017492050664767[3]
                - (Data truncated at max depth)
            - Key: -0.07263685014165971[10]
                - (Data truncated at max depth)
            - Key: -0.4245778098772723[6]
                - (Data truncated at max depth)
            - ... 7 more keys
        - Key: irfs
            - Key: impulse_response
                - (Data truncated at max depth)
        - Key: granger_causality
            - Key: conflict_intensity
                - (Data truncated at max depth)
        - Key: diagnostics
            - Key: jarque_bera_pvalue
                - (Data truncated at max depth)
            - Key: skewness
                - (Data truncated at max depth)
            - Key: acf
                - (Data truncated at max depth)
            - Key: durbin_watson_stat
                - (Data truncated at max depth)
            - Key: arch_test_pvalue
                - (Data truncated at max depth)
            - ... 4 more keys
        - ... 2 more keys
    - Key: South
        - Key: fit_metrics
            - Key: Log_Likelihood
                - (Data truncated at max depth)
            - Key: Adj_R_Squared
                - (Data truncated at max depth)
            - Key: AIC
                - (Data truncated at max depth)
            - Key: BIC
                - (Data truncated at max depth)
            - Key: F_Statistic
                - (Data truncated at max depth)
            - ... 2 more keys
        - Key: fitted_values
            - List with 534 elements
              - Item 1
                - (Data truncated at max depth)
              - Item 2
                - (Data truncated at max depth)
              - Item 3
                - (Data truncated at max depth)
              - Item 4
                - (Data truncated at max depth)
              - Item 5
                - (Data truncated at max depth)
            - ... 529 more items
        - Key: irfs
            - Key: impulse_response
                - (Data truncated at max depth)
        - Key: residuals
            - List with 534 elements
              - Item 1
                - (Data truncated at max depth)
              - Item 2
                - (Data truncated at max depth)
              - Item 3
                - (Data truncated at max depth)
              - Item 4
                - (Data truncated at max depth)
              - Item 5
                - (Data truncated at max depth)
            - ... 529 more items
        - Key: coefficients
            - Key: 2.6359668508512017[3]
                - (Data truncated at max depth)
            - Key: -0.08987174962319443[1]
                - (Data truncated at max depth)
            - Key: -0.1543984497529391[11]
                - (Data truncated at max depth)
            - Key: -0.0069396717525039495[7]
                - (Data truncated at max depth)
            - Key: -0.3611139692604923[9]
                - (Data truncated at max depth)
            - ... 7 more keys
        - ... 2 more keys
    - Key: North
        - Key: irfs
            - Key: impulse_response
                - (Data truncated at max depth)
        - Key: residuals
            - List with 711 elements
              - Item 1
                - (Data truncated at max depth)
              - Item 2
                - (Data truncated at max depth)
              - Item 3
                - (Data truncated at max depth)
              - Item 4
                - (Data truncated at max depth)
              - Item 5
                - (Data truncated at max depth)
            - ... 706 more items
        - Key: granger_causality
            - Key: conflict_intensity
                - (Data truncated at max depth)
        - Key: fit_metrics
            - Key: R_Squared
                - (Data truncated at max depth)
            - Key: F_Statistic
                - (Data truncated at max depth)
            - Key: AIC
                - (Data truncated at max depth)
            - Key: HQIC
                - (Data truncated at max depth)
            - Key: Log_Likelihood
                - (Data truncated at max depth)
            - ... 2 more keys
        - Key: coefficients
            - Key: 0.1628871663387648[5]
                - (Data truncated at max depth)
            - Key: -0.49151768841134896[4]
                - (Data truncated at max depth)
            - Key: -0.14772633005409821[11]
                - (Data truncated at max depth)
            - Key: -0.2885548509235015[1]
                - (Data truncated at max depth)
            - Key: 0.14036310949713188[10]
                - (Data truncated at max depth)
            - ... 7 more keys
        - ... 2 more keys
- ... 12 more keys

Analyzing JSON file: public/data/price_differential_results.json
- Key: South_Aden City_Aden
    - Key: commodity_results
        - Key: Fuel (gas)
            - List with 8 elements
              - Item 1
                - (Data truncated at max depth)
              - Item 2
                - (Data truncated at max depth)
              - Item 3
                - (Data truncated at max depth)
              - Item 4
                - (Data truncated at max depth)
              - Item 5
                - (Data truncated at max depth)
            - ... 3 more items
        - Key: Fuel (petrol-gasoline)
            - List with 8 elements
              - Item 1
                - (Data truncated at max depth)
              - Item 2
                - (Data truncated at max depth)
              - Item 3
                - (Data truncated at max depth)
              - Item 4
                - (Data truncated at max depth)
              - Item 5
                - (Data truncated at max depth)
            - ... 3 more items
        - Key: Sugar
            - List with 8 elements
              - Item 1
                - (Data truncated at max depth)
              - Item 2
                - (Data truncated at max depth)
              - Item 3
                - (Data truncated at max depth)
              - Item 4
                - (Data truncated at max depth)
              - Item 5
                - (Data truncated at max depth)
            - ... 3 more items
        - Key: Wheat
            - List with 8 elements
              - Item 1
                - (Data truncated at max depth)
              - Item 2
                - (Data truncated at max depth)
              - Item 3
                - (Data truncated at max depth)
              - Item 4
                - (Data truncated at max depth)
              - Item 5
                - (Data truncated at max depth)
            - ... 3 more items
        - Key: Beans (white)
            - List with 7 elements
              - Item 1
                - (Data truncated at max depth)
              - Item 2
                - (Data truncated at max depth)
              - Item 3
                - (Data truncated at max depth)
              - Item 4
                - (Data truncated at max depth)
              - Item 5
                - (Data truncated at max depth)
            - ... 2 more items
        - ... 11 more keys
    - Key: regime
        - Value: South
    - Key: model_results
        - Key: regression
            - Key: r_squared
                - (Data truncated at max depth)
            - Key: f_pvalue
                - (Data truncated at max depth)
            - Key: adj_r_squared
                - (Data truncated at max depth)
            - Key: aic
                - (Data truncated at max depth)
            - Key: p_values
                - (Data truncated at max depth)
            - ... 6 more keys
        - Key: diagnostics
            - Key: vif
                - (Data truncated at max depth)
            - Key: reset_test_pvalue
                - (Data truncated at max depth)
            - Key: breuschPaganTest
                - (Data truncated at max depth)
            - Key: durbin_watson
                - (Data truncated at max depth)
            - Key: normalityTest
                - (Data truncated at max depth)
            - ... 2 more keys
    - Key: base_market
        - Value: Aden City_Aden
- Key: Unified_Sana'a City_Amanat Al Asimah
    - Key: model_results
        - Key: diagnostics
            - Key: normalityTest
                - (Data truncated at max depth)
            - Key: heteroskedasticity_pvalue
                - (Data truncated at max depth)
            - Key: durbin_watson
                - (Data truncated at max depth)
            - Key: reset_test_pvalue
                - (Data truncated at max depth)
            - Key: reset_test_statistic
                - (Data truncated at max depth)
            - ... 2 more keys
        - Key: regression
            - Key: bic
                - (Data truncated at max depth)
            - Key: r_squared
                - (Data truncated at max depth)
            - Key: std_errors
                - (Data truncated at max depth)
            - Key: f_pvalue
                - (Data truncated at max depth)
            - Key: coefficients
                - (Data truncated at max depth)
            - ... 6 more keys
    - Key: base_market
        - Value: Sana'a City_Amanat Al Asimah
    - Key: commodity_results
        - Key: Tomatoes
            - List with 20 elements
              - Item 1
                - (Data truncated at max depth)
              - Item 2
                - (Data truncated at max depth)
              - Item 3
                - (Data truncated at max depth)
              - Item 4
                - (Data truncated at max depth)
              - Item 5
                - (Data truncated at max depth)
            - ... 15 more items
        - Key: Salt
            - List with 19 elements
              - Item 1
                - (Data truncated at max depth)
              - Item 2
                - (Data truncated at max depth)
              - Item 3
                - (Data truncated at max depth)
              - Item 4
                - (Data truncated at max depth)
              - Item 5
                - (Data truncated at max depth)
            - ... 14 more items
        - Key: Fuel (petrol-gasoline)
            - List with 19 elements
              - Item 1
                - (Data truncated at max depth)
              - Item 2
                - (Data truncated at max depth)
              - Item 3
                - (Data truncated at max depth)
              - Item 4
                - (Data truncated at max depth)
              - Item 5
                - (Data truncated at max depth)
            - ... 14 more items
        - Key: Peas (yellow, split)
            - List with 17 elements
              - Item 1
                - (Data truncated at max depth)
              - Item 2
                - (Data truncated at max depth)
              - Item 3
                - (Data truncated at max depth)
              - Item 4
                - (Data truncated at max depth)
              - Item 5
                - (Data truncated at max depth)
            - ... 12 more items
        - Key: Livestock (sheep, two-year-old male)
            - List with 19 elements
              - Item 1
                - (Data truncated at max depth)
              - Item 2
                - (Data truncated at max depth)
              - Item 3
                - (Data truncated at max depth)
              - Item 4
                - (Data truncated at max depth)
              - Item 5
                - (Data truncated at max depth)
            - ... 14 more items
        - ... 12 more keys
    - Key: regime
        - Value: Unified
- Key: North_Sana'a City_Amanat Al Asimah
    - Key: commodity_results
        - Key: Salt
            - List with 10 elements
              - Item 1
                - (Data truncated at max depth)
              - Item 2
                - (Data truncated at max depth)
              - Item 3
                - (Data truncated at max depth)
              - Item 4
                - (Data truncated at max depth)
              - Item 5
                - (Data truncated at max depth)
            - ... 5 more items
        - Key: Wheat
            - List with 10 elements
              - Item 1
                - (Data truncated at max depth)
              - Item 2
                - (Data truncated at max depth)
              - Item 3
                - (Data truncated at max depth)
              - Item 4
                - (Data truncated at max depth)
              - Item 5
                - (Data truncated at max depth)
            - ... 5 more items
        - Key: Wheat flour
            - List with 10 elements
              - Item 1
                - (Data truncated at max depth)
              - Item 2
                - (Data truncated at max depth)
              - Item 3
                - (Data truncated at max depth)
              - Item 4
                - (Data truncated at max depth)
              - Item 5
                - (Data truncated at max depth)
            - ... 5 more items
        - Key: Beans (kidney red)
            - List with 10 elements
              - Item 1
                - (Data truncated at max depth)
              - Item 2
                - (Data truncated at max depth)
              - Item 3
                - (Data truncated at max depth)
              - Item 4
                - (Data truncated at max depth)
              - Item 5
                - (Data truncated at max depth)
            - ... 5 more items
        - Key: Fuel (petrol-gasoline)
            - List with 10 elements
              - Item 1
                - (Data truncated at max depth)
              - Item 2
                - (Data truncated at max depth)
              - Item 3
                - (Data truncated at max depth)
              - Item 4
                - (Data truncated at max depth)
              - Item 5
                - (Data truncated at max depth)
            - ... 5 more items
        - ... 11 more keys
    - Key: regime
        - Value: North
    - Key: base_market
        - Value: Sana'a City_Amanat Al Asimah
    - Key: model_results
        - Key: diagnostics
            - Key: durbin_watson
                - (Data truncated at max depth)
            - Key: breuschPaganTest
                - (Data truncated at max depth)
            - Key: normalityTest
                - (Data truncated at max depth)
            - Key: heteroskedasticity_pvalue
                - (Data truncated at max depth)
            - Key: reset_test_pvalue
                - (Data truncated at max depth)
            - ... 2 more keys
        - Key: regression
            - Key: p_values
                - (Data truncated at max depth)
            - Key: f_statistic
                - (Data truncated at max depth)
            - Key: bic
                - (Data truncated at max depth)
            - Key: aic
                - (Data truncated at max depth)
            - Key: f_pvalue
                - (Data truncated at max depth)
            - ... 6 more keys
- Key: Unified_Aden City_Aden
    - Key: base_market
        - Value: Aden City_Aden
    - Key: regime
        - Value: Unified
    - Key: commodity_results
        - Key: Oil (vegetable)
            - List with 20 elements
              - Item 1
                - (Data truncated at max depth)
              - Item 2
                - (Data truncated at max depth)
              - Item 3
                - (Data truncated at max depth)
              - Item 4
                - (Data truncated at max depth)
              - Item 5
                - (Data truncated at max depth)
            - ... 15 more items
        - Key: Beans (kidney red)
            - List with 19 elements
              - Item 1
                - (Data truncated at max depth)
              - Item 2
                - (Data truncated at max depth)
              - Item 3
                - (Data truncated at max depth)
              - Item 4
                - (Data truncated at max depth)
              - Item 5
                - (Data truncated at max depth)
            - ... 14 more items
        - Key: Beans (white)
            - List with 19 elements
              - Item 1
                - (Data truncated at max depth)
              - Item 2
                - (Data truncated at max depth)
              - Item 3
                - (Data truncated at max depth)
              - Item 4
                - (Data truncated at max depth)
              - Item 5
                - (Data truncated at max depth)
            - ... 14 more items
        - Key: Wheat flour
            - List with 20 elements
              - Item 1
                - (Data truncated at max depth)
              - Item 2
                - (Data truncated at max depth)
              - Item 3
                - (Data truncated at max depth)
              - Item 4
                - (Data truncated at max depth)
              - Item 5
                - (Data truncated at max depth)
            - ... 15 more items
        - Key: Fuel (petrol-gasoline)
            - List with 19 elements
              - Item 1
                - (Data truncated at max depth)
              - Item 2
                - (Data truncated at max depth)
              - Item 3
                - (Data truncated at max depth)
              - Item 4
                - (Data truncated at max depth)
              - Item 5
                - (Data truncated at max depth)
            - ... 14 more items
        - ... 12 more keys
    - Key: model_results
        - Key: regression
            - Key: f_statistic
                - (Data truncated at max depth)
            - Key: p_values
                - (Data truncated at max depth)
            - Key: coefficients
                - (Data truncated at max depth)
            - Key: bic
                - (Data truncated at max depth)
            - Key: adj_r_squared
                - (Data truncated at max depth)
            - ... 6 more keys
        - Key: diagnostics
            - Key: vif
                - (Data truncated at max depth)
            - Key: reset_test_statistic
                - (Data truncated at max depth)
            - Key: heteroskedasticity_pvalue
                - (Data truncated at max depth)
            - Key: normalityTest
                - (Data truncated at max depth)
            - Key: reset_test_pvalue
                - (Data truncated at max depth)
            - ... 2 more keys

Analyzing JSON file: public/data/spatial_analysis_results.json
- List with 51 elements
  - Item 1
    - Key: p_values
        - Key: conflict_intensity
            - Value: 0.3114260947919836
        - Key: spatial_lag_price
            - Value: 0.589391069004574
    - Key: moran_i
        - Key: I
            - Value: 0.002770729401065886
        - Key: p-value
            - Value: 0.364
    - Key: observations
        - Value: 487
    - Key: intercept
        - Value: 5.441586858316222
    - Key: residuals
        - List with 487 elements
          - Item 1
            - Key: residual
                - (Data truncated at max depth)
            - Key: date
                - (Data truncated at max depth)
            - Key: region_id
                - (Data truncated at max depth)
          - Item 2
            - Key: region_id
                - (Data truncated at max depth)
            - Key: date
                - (Data truncated at max depth)
            - Key: residual
                - (Data truncated at max depth)
          - Item 3
            - Key: date
                - (Data truncated at max depth)
            - Key: region_id
                - (Data truncated at max depth)
            - Key: residual
                - (Data truncated at max depth)
          - Item 4
            - Key: residual
                - (Data truncated at max depth)
            - Key: date
                - (Data truncated at max depth)
            - Key: region_id
                - (Data truncated at max depth)
          - Item 5
            - Key: residual
                - (Data truncated at max depth)
            - Key: region_id
                - (Data truncated at max depth)
            - Key: date
                - (Data truncated at max depth)
        - ... 482 more items
    - ... 7 more keys
  - Item 2
    - Key: commodity
        - Value: Sugar
    - Key: p_values
        - Key: spatial_lag_price
            - Value: 0.1727728276767888
        - Key: conflict_intensity
            - Value: 0.91417651939331
    - Key: observations
        - Value: 853
    - Key: intercept
        - Value: 1.0584325908558032
    - Key: residuals
        - List with 853 elements
          - Item 1
            - Key: residual
                - (Data truncated at max depth)
            - Key: region_id
                - (Data truncated at max depth)
            - Key: date
                - (Data truncated at max depth)
          - Item 2
            - Key: residual
                - (Data truncated at max depth)
            - Key: date
                - (Data truncated at max depth)
            - Key: region_id
                - (Data truncated at max depth)
          - Item 3
            - Key: residual
                - (Data truncated at max depth)
            - Key: date
                - (Data truncated at max depth)
            - Key: region_id
                - (Data truncated at max depth)
          - Item 4
            - Key: date
                - (Data truncated at max depth)
            - Key: region_id
                - (Data truncated at max depth)
            - Key: residual
                - (Data truncated at max depth)
          - Item 5
            - Key: residual
                - (Data truncated at max depth)
            - Key: region_id
                - (Data truncated at max depth)
            - Key: date
                - (Data truncated at max depth)
        - ... 848 more items
    - ... 7 more keys
  - Item 3
    - Key: intercept
        - Value: 22.145870634920637
    - Key: residuals
        - List with 504 elements
          - Item 1
            - Key: residual
                - (Data truncated at max depth)
            - Key: date
                - (Data truncated at max depth)
            - Key: region_id
                - (Data truncated at max depth)
          - Item 2
            - Key: residual
                - (Data truncated at max depth)
            - Key: date
                - (Data truncated at max depth)
            - Key: region_id
                - (Data truncated at max depth)
          - Item 3
            - Key: region_id
                - (Data truncated at max depth)
            - Key: date
                - (Data truncated at max depth)
            - Key: residual
                - (Data truncated at max depth)
          - Item 4
            - Key: date
                - (Data truncated at max depth)
            - Key: residual
                - (Data truncated at max depth)
            - Key: region_id
                - (Data truncated at max depth)
          - Item 5
            - Key: date
                - (Data truncated at max depth)
            - Key: residual
                - (Data truncated at max depth)
            - Key: region_id
                - (Data truncated at max depth)
        - ... 499 more items
    - Key: moran_i
        - Key: p-value
            - Value: 0.102
        - Key: I
            - Value: -0.02430616074843249
    - Key: regime
        - Value: South
    - Key: coefficients
        - Key: conflict_intensity
            - Value: -3.7341757807884277
        - Key: spatial_lag_price
            - Value: 1.7351522787686382
    - ... 7 more keys
  - Item 4
    - Key: commodity
        - Value: Beans (kidney red)
    - Key: intercept
        - Value: 2.253846933962264
    - Key: vif
        - List with 2 elements
          - Item 1
            - Key: Variable
                - (Data truncated at max depth)
            - Key: VIF
                - (Data truncated at max depth)
          - Item 2
            - Key: Variable
                - (Data truncated at max depth)
            - Key: VIF
                - (Data truncated at max depth)
    - Key: adj_r_squared
        - Value: 0.0024597002153945446
    - Key: residuals
        - List with 848 elements
          - Item 1
            - Key: region_id
                - (Data truncated at max depth)
            - Key: residual
                - (Data truncated at max depth)
            - Key: date
                - (Data truncated at max depth)
          - Item 2
            - Key: date
                - (Data truncated at max depth)
            - Key: residual
                - (Data truncated at max depth)
            - Key: region_id
                - (Data truncated at max depth)
          - Item 3
            - Key: residual
                - (Data truncated at max depth)
            - Key: date
                - (Data truncated at max depth)
            - Key: region_id
                - (Data truncated at max depth)
          - Item 4
            - Key: residual
                - (Data truncated at max depth)
            - Key: region_id
                - (Data truncated at max depth)
            - Key: date
                - (Data truncated at max depth)
          - Item 5
            - Key: date
                - (Data truncated at max depth)
            - Key: residual
                - (Data truncated at max depth)
            - Key: region_id
                - (Data truncated at max depth)
        - ... 843 more items
    - ... 7 more keys
  - Item 5
    - Key: observations
        - Value: 534
    - Key: commodity
        - Value: Wheat
    - Key: vif
        - List with 2 elements
          - Item 1
            - Key: Variable
                - (Data truncated at max depth)
            - Key: VIF
                - (Data truncated at max depth)
          - Item 2
            - Key: VIF
                - (Data truncated at max depth)
            - Key: Variable
                - (Data truncated at max depth)
    - Key: r_squared
        - Value: 0.04631697832623882
    - Key: regime
        - Value: South
    - ... 7 more keys
- ... 46 more items

Analyzing CSV file: public/data/choropleth_data/average_prices.csv
Columns:
 - region_id
 - date
 - usdprice

Analyzing CSV file: public/data/choropleth_data/conflict_intensity.csv
Columns:
 - region_id
 - date
 - conflict_intensity

Analyzing CSV file: public/data/choropleth_data/price_changes.csv
Columns:
 - region_id
 - date
 - price_change_pct

Analyzing CSV file: public/data/network_data/flow_maps.csv
Columns:
 - source
 - source_lat
 - source_lng
 - target
 - target_lat
 - target_lng
 - weight

Analyzing CSV file: public/data/time_series_data/prices_time_series.csv
Columns:
 - region_id
 - date
 - Beans (kidney red)
 - Beans (kidney red)
 - Beans (kidney red)
 - Beans (white)
 - Beans (white)
 - Beans (white)
 - Eggs
 - Eggs
 - Eggs
 - Fuel (diesel)
 - Fuel (diesel)
 - Fuel (diesel)
 - Fuel (gas)
 - Fuel (gas)
 - Fuel (gas)
 - Fuel (petrol-gasoline)
 - Fuel (petrol-gasoline)
 - Fuel (petrol-gasoline)
 - Lentils
 - Lentils
 - Lentils
 - Livestock (sheep, two-year-old male)
 - Livestock (sheep, two-year-old male)
 - Livestock (sheep, two-year-old male)
 - Oil (vegetable)
 - Oil (vegetable)
 - Oil (vegetable)
 - Onions
 - Onions
 - Onions
 - Peas (yellow, split)
 - Peas (yellow, split)
 - Peas (yellow, split)
 - Rice (imported)
 - Rice (imported)
 - Rice (imported)
 - Salt
 - Salt
 - Salt
 - Sugar
 - Sugar
 - Sugar
 - Tomatoes
 - Tomatoes
 - Tomatoes
 - Wheat
 - Wheat
 - Wheat
 - Wheat flour
 - Wheat flour
 - Wheat flour

Analyzing CSV file: public/data/time_series_data/conflict_intensity_time_series.csv
Columns:
 - region_id
 - date
 - conflict_intensity

Analyzing CSV file: public/data/residuals_data/residuals.csv
Columns:
 - commodity
 - regime
 - region_id
 - date
 - residual

Analyzing JSON file: public/data/spatial_weights/spatial_weights.json
- Key: Alduhamih_Al Hudaydah
    - List with 5 elements
      - Item 1
        - Value: Mahweet City_Al Mahwit
      - Item 2
        - Value: Sana'a City_Amanat Al Asimah
      - Item 3
        - Value: Amran City_Amran
      - Item 4
        - Value: Al Jabeen_Raymah
      - Item 5
        - Value: Alsuail_Hajjah
- Key: Al Bayda City_Al Bayda
    - List with 5 elements
      - Item 1
        - Value: Central Ataq_Shabwah
      - Item 2
        - Value: Ibb City_Ibb
      - Item 3
        - Value: Aden City_Aden
      - Item 4
        - Value: Zungubar City_Abyan
      - Item 5
        - Value: Dhamar City_Dhamar
- Key: Al Ghaidha_Al Maharah
    - List with 5 elements
      - Item 1
        - Value: Soqatra (Hudaibo)_Socotra
      - Item 2
        - Value: Mukalla City_Hadramaut
      - Item 3
        - Value: Marib City_Marib
      - Item 4
        - Value: Central Ataq_Shabwah
      - Item 5
        - Value: Sayoun City_Hadramaut
- Key: Amran City_Amran
    - List with 5 elements
      - Item 1
        - Value: Sana'a City_Amanat Al Asimah
      - Item 2
        - Value: Al Hazum_Al Jawf
      - Item 3
        - Value: Alsuail_Hajjah
      - Item 4
        - Value: Mahweet City_Al Mahwit
      - Item 5
        - Value: Jihana Almarkazi_Sana'a
- Key: Soqatra (Hudaibo)_Socotra
    - List with 5 elements
      - Item 1
        - Value: Central Ataq_Shabwah
      - Item 2
        - Value: Mukalla City_Hadramaut
      - Item 3
        - Value: Sayoun City_Hadramaut
      - Item 4
        - Value: Al Ghaidha_Al Maharah
      - Item 5
        - Value: Al Bayda City_Al Bayda
- ... 16 more keys
