2024-09-19 16:43:35,888 - INFO - Loading GeoJSON data from Econometrics/data/processed/unified_data.geojson.
2024-09-19 16:43:37,474 - INFO - 'region_id' column assigned using 'market_id'.
2024-09-19 16:43:37,475 - INFO - GeoJSON data loaded with 33277 records.
2024-09-19 16:43:40,016 - INFO - Spatial analysis completed for 'Beans (kidney red)' in 'North' regime.
2024-09-19 16:43:40,575 - INFO - Spatial analysis completed for 'Beans (kidney red)' in 'South' regime.
2024-09-19 16:43:40,846 - INFO - Spatial analysis completed for 'Beans (kidney red)' in 'Unified' regime.
2024-09-19 16:43:41,081 - INFO - Spatial analysis completed for 'Beans (white)' in 'North' regime.
2024-09-19 16:43:41,185 - INFO - Spatial analysis completed for 'Beans (white)' in 'South' regime.
2024-09-19 16:43:41,329 - INFO - Spatial analysis completed for 'Beans (white)' in 'Unified' regime.
2024-09-19 16:43:41,461 - INFO - Spatial analysis completed for 'Eggs' in 'North' regime.
2024-09-19 16:43:41,596 - INFO - Spatial analysis completed for 'Eggs' in 'South' regime.
2024-09-19 16:43:41,751 - INFO - Spatial analysis completed for 'Eggs' in 'Unified' regime.
2024-09-19 16:43:41,934 - INFO - Spatial analysis completed for 'Fuel (diesel)' in 'North' regime.
2024-09-19 16:43:42,043 - INFO - Spatial analysis completed for 'Fuel (diesel)' in 'South' regime.
2024-09-19 16:43:42,261 - INFO - Spatial analysis completed for 'Fuel (diesel)' in 'Unified' regime.
2024-09-19 16:43:42,403 - INFO - Spatial analysis completed for 'Fuel (gas)' in 'North' regime.
2024-09-19 16:43:42,571 - INFO - Spatial analysis completed for 'Fuel (gas)' in 'South' regime.
2024-09-19 16:43:42,841 - INFO - Spatial analysis completed for 'Fuel (gas)' in 'Unified' regime.
2024-09-19 16:43:43,023 - INFO - Spatial analysis completed for 'Fuel (petrol-gasoline)' in 'North' regime.
2024-09-19 16:43:43,133 - INFO - Spatial analysis completed for 'Fuel (petrol-gasoline)' in 'South' regime.
2024-09-19 16:43:43,421 - INFO - Spatial analysis completed for 'Fuel (petrol-gasoline)' in 'Unified' regime.
2024-09-19 16:43:43,502 - INFO - Spatial analysis completed for 'Lentils' in 'North' regime.
2024-09-19 16:43:43,673 - INFO - Spatial analysis completed for 'Lentils' in 'South' regime.
2024-09-19 16:43:43,851 - INFO - Spatial analysis completed for 'Lentils' in 'Unified' regime.
2024-09-19 16:43:43,965 - INFO - Spatial analysis completed for 'Livestock (sheep, two-year-old male)' in 'North' regime.
2024-09-19 16:43:44,103 - INFO - Spatial analysis completed for 'Livestock (sheep, two-year-old male)' in 'South' regime.
2024-09-19 16:43:44,311 - INFO - Spatial analysis completed for 'Livestock (sheep, two-year-old male)' in 'Unified' regime.
2024-09-19 16:43:44,388 - INFO - Spatial analysis completed for 'Oil (vegetable)' in 'North' regime.
2024-09-19 16:43:44,586 - INFO - Spatial analysis completed for 'Oil (vegetable)' in 'South' regime.
2024-09-19 16:43:44,741 - INFO - Spatial analysis completed for 'Oil (vegetable)' in 'Unified' regime.
2024-09-19 16:43:44,880 - INFO - Spatial analysis completed for 'Onions' in 'North' regime.
2024-09-19 16:43:44,959 - INFO - Spatial analysis completed for 'Onions' in 'South' regime.
2024-09-19 16:43:45,108 - INFO - Spatial analysis completed for 'Onions' in 'Unified' regime.
2024-09-19 16:43:45,252 - INFO - Spatial analysis completed for 'Peas (yellow, split)' in 'North' regime.
2024-09-19 16:43:45,395 - INFO - Spatial analysis completed for 'Peas (yellow, split)' in 'South' regime.
2024-09-19 16:43:45,625 - INFO - Spatial analysis completed for 'Peas (yellow, split)' in 'Unified' regime.
2024-09-19 16:43:45,772 - INFO - Spatial analysis completed for 'Rice (imported)' in 'North' regime.
2024-09-19 16:43:45,939 - INFO - Spatial analysis completed for 'Rice (imported)' in 'South' regime.
2024-09-19 16:43:46,190 - INFO - Spatial analysis completed for 'Rice (imported)' in 'Unified' regime.
2024-09-19 16:43:46,359 - INFO - Spatial analysis completed for 'Salt' in 'North' regime.
2024-09-19 16:43:46,440 - INFO - Spatial analysis completed for 'Salt' in 'South' regime.
2024-09-19 16:43:46,669 - INFO - Spatial analysis completed for 'Salt' in 'Unified' regime.
2024-09-19 16:43:46,801 - INFO - Spatial analysis completed for 'Sugar' in 'North' regime.
2024-09-19 16:43:46,901 - INFO - Spatial analysis completed for 'Sugar' in 'South' regime.
2024-09-19 16:43:47,071 - INFO - Spatial analysis completed for 'Sugar' in 'Unified' regime.
2024-09-19 16:43:47,205 - INFO - Spatial analysis completed for 'Tomatoes' in 'North' regime.
2024-09-19 16:43:47,318 - INFO - Spatial analysis completed for 'Tomatoes' in 'South' regime.
2024-09-19 16:43:47,527 - INFO - Spatial analysis completed for 'Tomatoes' in 'Unified' regime.
2024-09-19 16:43:47,592 - INFO - Spatial analysis completed for 'Wheat flour' in 'North' regime.
2024-09-19 16:43:47,737 - INFO - Spatial analysis completed for 'Wheat flour' in 'South' regime.
2024-09-19 16:43:47,963 - INFO - Spatial analysis completed for 'Wheat flour' in 'Unified' regime.
2024-09-19 16:43:48,096 - INFO - Spatial analysis completed for 'Wheat' in 'North' regime.
2024-09-19 16:43:48,251 - INFO - Spatial analysis completed for 'Wheat' in 'South' regime.
2024-09-19 16:43:48,386 - INFO - Spatial analysis completed for 'Wheat' in 'Unified' regime.
2024-09-19 16:43:48,988 - INFO - Analysis complete. Results saved to 'results/spatial_analysis_results.json'.
2024-09-19 16:43:50,088 - INFO - Created 33,277 records
2024-09-19 16:43:50,089 - INFO - Modified GeoJSON with 'region_id' saved to Econometrics/data/processed/unified_data_with_region_id.geojson.
2024-09-19 16:44:14,200 - INFO - Loading GeoJSON data from Econometrics/data/processed/unified_data.geojson.
2024-09-19 16:44:15,704 - INFO - 'region_id' column assigned using 'market_id'.
2024-09-19 16:44:15,706 - INFO - GeoJSON data loaded with 33277 records.
2024-09-19 16:44:18,394 - INFO - Spatial analysis completed for 'Beans (kidney red)' in 'North' regime.
2024-09-19 16:44:18,709 - INFO - Spatial analysis completed for 'Beans (kidney red)' in 'South' regime.
2024-09-19 16:44:19,009 - INFO - Spatial analysis completed for 'Beans (kidney red)' in 'Unified' regime.
2024-09-19 16:44:19,222 - INFO - Spatial analysis completed for 'Beans (white)' in 'North' regime.
2024-09-19 16:44:19,315 - INFO - Spatial analysis completed for 'Beans (white)' in 'South' regime.
2024-09-19 16:44:19,453 - INFO - Spatial analysis completed for 'Beans (white)' in 'Unified' regime.
2024-09-19 16:44:19,593 - INFO - Spatial analysis completed for 'Eggs' in 'North' regime.
2024-09-19 16:44:19,733 - INFO - Spatial analysis completed for 'Eggs' in 'South' regime.
2024-09-19 16:44:19,897 - INFO - Spatial analysis completed for 'Eggs' in 'Unified' regime.
2024-09-19 16:44:20,034 - INFO - Spatial analysis completed for 'Fuel (diesel)' in 'North' regime.
2024-09-19 16:44:20,179 - INFO - Spatial analysis completed for 'Fuel (diesel)' in 'South' regime.
2024-09-19 16:44:20,395 - INFO - Spatial analysis completed for 'Fuel (diesel)' in 'Unified' regime.
2024-09-19 16:44:20,536 - INFO - Spatial analysis completed for 'Fuel (gas)' in 'North' regime.
2024-09-19 16:44:20,708 - INFO - Spatial analysis completed for 'Fuel (gas)' in 'South' regime.
2024-09-19 16:44:20,872 - INFO - Spatial analysis completed for 'Fuel (gas)' in 'Unified' regime.
2024-09-19 16:44:21,020 - INFO - Spatial analysis completed for 'Fuel (petrol-gasoline)' in 'North' regime.
2024-09-19 16:44:21,167 - INFO - Spatial analysis completed for 'Fuel (petrol-gasoline)' in 'South' regime.
2024-09-19 16:44:21,281 - INFO - Spatial analysis completed for 'Fuel (petrol-gasoline)' in 'Unified' regime.
2024-09-19 16:44:21,475 - INFO - Spatial analysis completed for 'Lentils' in 'North' regime.
2024-09-19 16:44:21,705 - INFO - Spatial analysis completed for 'Lentils' in 'South' regime.
2024-09-19 16:44:21,864 - INFO - Spatial analysis completed for 'Lentils' in 'Unified' regime.
2024-09-19 16:44:21,969 - INFO - Spatial analysis completed for 'Livestock (sheep, two-year-old male)' in 'North' regime.
2024-09-19 16:44:22,101 - INFO - Spatial analysis completed for 'Livestock (sheep, two-year-old male)' in 'South' regime.
2024-09-19 16:44:22,244 - INFO - Spatial analysis completed for 'Livestock (sheep, two-year-old male)' in 'Unified' regime.
2024-09-19 16:44:22,421 - INFO - Spatial analysis completed for 'Oil (vegetable)' in 'North' regime.
2024-09-19 16:44:22,504 - INFO - Spatial analysis completed for 'Oil (vegetable)' in 'South' regime.
2024-09-19 16:44:22,708 - INFO - Spatial analysis completed for 'Oil (vegetable)' in 'Unified' regime.
2024-09-19 16:44:22,812 - INFO - Spatial analysis completed for 'Onions' in 'North' regime.
2024-09-19 16:44:22,920 - INFO - Spatial analysis completed for 'Onions' in 'South' regime.
2024-09-19 16:44:23,064 - INFO - Spatial analysis completed for 'Onions' in 'Unified' regime.
2024-09-19 16:44:23,204 - INFO - Spatial analysis completed for 'Peas (yellow, split)' in 'North' regime.
2024-09-19 16:44:23,330 - INFO - Spatial analysis completed for 'Peas (yellow, split)' in 'South' regime.
2024-09-19 16:44:23,536 - INFO - Spatial analysis completed for 'Peas (yellow, split)' in 'Unified' regime.
2024-09-19 16:44:23,614 - INFO - Spatial analysis completed for 'Rice (imported)' in 'North' regime.
2024-09-19 16:44:23,751 - INFO - Spatial analysis completed for 'Rice (imported)' in 'South' regime.
2024-09-19 16:44:23,960 - INFO - Spatial analysis completed for 'Rice (imported)' in 'Unified' regime.
2024-09-19 16:44:24,107 - INFO - Spatial analysis completed for 'Salt' in 'North' regime.
2024-09-19 16:44:24,255 - INFO - Spatial analysis completed for 'Salt' in 'South' regime.
2024-09-19 16:44:24,356 - INFO - Spatial analysis completed for 'Salt' in 'Unified' regime.
2024-09-19 16:44:24,479 - INFO - Spatial analysis completed for 'Sugar' in 'North' regime.
2024-09-19 16:44:24,628 - INFO - Spatial analysis completed for 'Sugar' in 'South' regime.
2024-09-19 16:44:24,784 - INFO - Spatial analysis completed for 'Sugar' in 'Unified' regime.
2024-09-19 16:44:24,902 - INFO - Spatial analysis completed for 'Tomatoes' in 'North' regime.
2024-09-19 16:44:25,040 - INFO - Spatial analysis completed for 'Tomatoes' in 'South' regime.
2024-09-19 16:44:25,163 - INFO - Spatial analysis completed for 'Tomatoes' in 'Unified' regime.
2024-09-19 16:44:25,329 - INFO - Spatial analysis completed for 'Wheat flour' in 'North' regime.
2024-09-19 16:44:25,458 - INFO - Spatial analysis completed for 'Wheat flour' in 'South' regime.
2024-09-19 16:44:25,618 - INFO - Spatial analysis completed for 'Wheat flour' in 'Unified' regime.
2024-09-19 16:44:25,769 - INFO - Spatial analysis completed for 'Wheat' in 'North' regime.
2024-09-19 16:44:25,896 - INFO - Spatial analysis completed for 'Wheat' in 'South' regime.
2024-09-19 16:44:26,006 - INFO - Spatial analysis completed for 'Wheat' in 'Unified' regime.
2024-09-19 16:44:26,477 - INFO - Analysis complete. Results saved to 'results/spatial_analysis_results.json'.
2024-09-19 16:44:27,498 - INFO - Created 33,277 records
2024-09-19 16:44:27,499 - INFO - Modified GeoJSON with 'region_id' saved to Econometrics/data/processed/unified_data_with_region_id.geojson.
2024-09-19 21:33:38,239 - INFO - Loading GeoJSON data from Econometrics/data/processed/unified_data.geojson.
2024-09-19 21:33:39,771 - INFO - 'region_id' column assigned using 'market_id'.
2024-09-19 21:33:39,773 - INFO - GeoJSON data loaded with 33277 records.
2024-09-19 21:33:42,271 - INFO - Spatial analysis completed for 'Beans (kidney red)' in 'North' regime.
2024-09-19 21:33:42,568 - INFO - Spatial analysis completed for 'Beans (kidney red)' in 'South' regime.
2024-09-19 21:33:42,716 - INFO - Spatial analysis completed for 'Beans (kidney red)' in 'Unified' regime.
2024-09-19 21:33:42,859 - INFO - Spatial analysis completed for 'Beans (white)' in 'North' regime.
2024-09-19 21:33:43,005 - INFO - Spatial analysis completed for 'Beans (white)' in 'South' regime.
2024-09-19 21:33:43,146 - INFO - Spatial analysis completed for 'Beans (white)' in 'Unified' regime.
2024-09-19 21:33:43,278 - INFO - Spatial analysis completed for 'Eggs' in 'North' regime.
2024-09-19 21:33:43,393 - INFO - Spatial analysis completed for 'Eggs' in 'South' regime.
2024-09-19 21:33:43,550 - INFO - Spatial analysis completed for 'Eggs' in 'Unified' regime.
2024-09-19 21:33:43,711 - INFO - Spatial analysis completed for 'Fuel (diesel)' in 'North' regime.
2024-09-19 21:33:43,841 - INFO - Spatial analysis completed for 'Fuel (diesel)' in 'South' regime.
2024-09-19 21:33:43,997 - INFO - Spatial analysis completed for 'Fuel (diesel)' in 'Unified' regime.
2024-09-19 21:33:44,133 - INFO - Spatial analysis completed for 'Fuel (gas)' in 'North' regime.
2024-09-19 21:33:44,259 - INFO - Spatial analysis completed for 'Fuel (gas)' in 'South' regime.
2024-09-19 21:33:44,418 - INFO - Spatial analysis completed for 'Fuel (gas)' in 'Unified' regime.
2024-09-19 21:33:44,566 - INFO - Spatial analysis completed for 'Fuel (petrol-gasoline)' in 'North' regime.
2024-09-19 21:33:44,659 - INFO - Spatial analysis completed for 'Fuel (petrol-gasoline)' in 'South' regime.
2024-09-19 21:33:44,868 - INFO - Spatial analysis completed for 'Fuel (petrol-gasoline)' in 'Unified' regime.
2024-09-19 21:33:45,000 - INFO - Spatial analysis completed for 'Lentils' in 'North' regime.
2024-09-19 21:33:45,119 - INFO - Spatial analysis completed for 'Lentils' in 'South' regime.
2024-09-19 21:33:45,266 - INFO - Spatial analysis completed for 'Lentils' in 'Unified' regime.
2024-09-19 21:33:45,371 - INFO - Spatial analysis completed for 'Livestock (sheep, two-year-old male)' in 'North' regime.
2024-09-19 21:33:45,499 - INFO - Spatial analysis completed for 'Livestock (sheep, two-year-old male)' in 'South' regime.
2024-09-19 21:33:45,635 - INFO - Spatial analysis completed for 'Livestock (sheep, two-year-old male)' in 'Unified' regime.
2024-09-19 21:33:45,797 - INFO - Spatial analysis completed for 'Oil (vegetable)' in 'North' regime.
2024-09-19 21:33:45,875 - INFO - Spatial analysis completed for 'Oil (vegetable)' in 'South' regime.
2024-09-19 21:33:46,091 - INFO - Spatial analysis completed for 'Oil (vegetable)' in 'Unified' regime.
2024-09-19 21:33:46,252 - INFO - Spatial analysis completed for 'Onions' in 'North' regime.
2024-09-19 21:33:46,351 - INFO - Spatial analysis completed for 'Onions' in 'South' regime.
2024-09-19 21:33:46,488 - INFO - Spatial analysis completed for 'Onions' in 'Unified' regime.
2024-09-19 21:33:46,678 - INFO - Spatial analysis completed for 'Peas (yellow, split)' in 'North' regime.
2024-09-19 21:33:46,743 - INFO - Spatial analysis completed for 'Peas (yellow, split)' in 'South' regime.
2024-09-19 21:33:46,929 - INFO - Spatial analysis completed for 'Peas (yellow, split)' in 'Unified' regime.
2024-09-19 21:33:47,040 - INFO - Spatial analysis completed for 'Rice (imported)' in 'North' regime.
2024-09-19 21:33:47,149 - INFO - Spatial analysis completed for 'Rice (imported)' in 'South' regime.
2024-09-19 21:33:47,352 - INFO - Spatial analysis completed for 'Rice (imported)' in 'Unified' regime.
2024-09-19 21:33:47,457 - INFO - Spatial analysis completed for 'Salt' in 'North' regime.
2024-09-19 21:33:47,559 - INFO - Spatial analysis completed for 'Salt' in 'South' regime.
2024-09-19 21:33:47,695 - INFO - Spatial analysis completed for 'Salt' in 'Unified' regime.
2024-09-19 21:33:47,804 - INFO - Spatial analysis completed for 'Sugar' in 'North' regime.
2024-09-19 21:33:47,937 - INFO - Spatial analysis completed for 'Sugar' in 'South' regime.
2024-09-19 21:33:48,086 - INFO - Spatial analysis completed for 'Sugar' in 'Unified' regime.
2024-09-19 21:33:48,234 - INFO - Spatial analysis completed for 'Tomatoes' in 'North' regime.
2024-09-19 21:33:48,367 - INFO - Spatial analysis completed for 'Tomatoes' in 'South' regime.
2024-09-19 21:33:48,515 - INFO - Spatial analysis completed for 'Tomatoes' in 'Unified' regime.
2024-09-19 21:33:48,681 - INFO - Spatial analysis completed for 'Wheat flour' in 'North' regime.
2024-09-19 21:33:48,806 - INFO - Spatial analysis completed for 'Wheat flour' in 'South' regime.
2024-09-19 21:33:48,964 - INFO - Spatial analysis completed for 'Wheat flour' in 'Unified' regime.
2024-09-19 21:33:49,119 - INFO - Spatial analysis completed for 'Wheat' in 'North' regime.
2024-09-19 21:33:49,272 - INFO - Spatial analysis completed for 'Wheat' in 'South' regime.
2024-09-19 21:33:49,397 - INFO - Spatial analysis completed for 'Wheat' in 'Unified' regime.
2024-09-19 21:33:49,924 - INFO - Analysis complete. Results saved to 'results/spatial_analysis_results.json'.
2024-09-19 21:33:50,991 - INFO - Created 33,277 records
2024-09-19 21:33:50,991 - INFO - Modified GeoJSON with 'region_id' saved to Econometrics/data/processed/unified_data_with_region_id.geojson.
2024-09-23 12:24:50,048 - INFO - Loading GeoJSON data from Econometrics/data/processed/unified_data.geojson.
2024-09-23 12:24:51,609 - INFO - 'region_id' column assigned using 'market_id'.
2024-09-23 12:24:51,611 - INFO - GeoJSON data loaded with 33277 records.
2024-09-23 12:24:54,849 - ERROR - Failed to create spatial weights matrix: Object of type int64 is not JSON serializable
2024-09-23 12:24:54,851 - ERROR - Error in spatial analysis for 'Beans (kidney red)' in 'North': Object of type int64 is not JSON serializable
2024-09-23 12:24:55,171 - ERROR - Failed to create spatial weights matrix: 0
2024-09-23 12:24:55,171 - ERROR - Error in spatial analysis for 'Beans (kidney red)' in 'South': 0
2024-09-23 12:24:55,278 - ERROR - Failed to create spatial weights matrix: 0
2024-09-23 12:24:55,279 - ERROR - Error in spatial analysis for 'Beans (kidney red)' in 'Unified': 0
2024-09-23 12:24:55,390 - ERROR - Failed to create spatial weights matrix: 0
2024-09-23 12:24:55,390 - ERROR - Error in spatial analysis for 'Beans (white)' in 'North': 0
2024-09-23 12:24:55,507 - ERROR - Failed to create spatial weights matrix: 0
2024-09-23 12:24:55,507 - ERROR - Error in spatial analysis for 'Beans (white)' in 'South': 0
2024-09-23 12:24:55,639 - ERROR - Failed to create spatial weights matrix: 0
2024-09-23 12:24:55,640 - ERROR - Error in spatial analysis for 'Beans (white)' in 'Unified': 0
2024-09-23 12:24:55,751 - ERROR - Failed to create spatial weights matrix: 0
2024-09-23 12:24:55,751 - ERROR - Error in spatial analysis for 'Eggs' in 'North': 0
2024-09-23 12:24:55,874 - ERROR - Failed to create spatial weights matrix: 0
2024-09-23 12:24:55,874 - ERROR - Error in spatial analysis for 'Eggs' in 'South': 0
2024-09-23 12:24:56,000 - ERROR - Failed to create spatial weights matrix: 0
2024-09-23 12:24:56,001 - ERROR - Error in spatial analysis for 'Eggs' in 'Unified': 0
2024-09-23 12:24:56,167 - ERROR - Failed to create spatial weights matrix: 0
2024-09-23 12:24:56,167 - ERROR - Error in spatial analysis for 'Fuel (diesel)' in 'North': 0
2024-09-23 12:24:56,298 - ERROR - Failed to create spatial weights matrix: 0
2024-09-23 12:24:56,299 - ERROR - Error in spatial analysis for 'Fuel (diesel)' in 'South': 0
2024-09-23 12:24:56,431 - ERROR - Failed to create spatial weights matrix: 0
2024-09-23 12:24:56,431 - ERROR - Error in spatial analysis for 'Fuel (diesel)' in 'Unified': 0
2024-09-23 12:24:56,558 - ERROR - Failed to create spatial weights matrix: 0
2024-09-23 12:24:56,558 - ERROR - Error in spatial analysis for 'Fuel (gas)' in 'North': 0
2024-09-23 12:24:56,702 - ERROR - Failed to create spatial weights matrix: 0
2024-09-23 12:24:56,702 - ERROR - Error in spatial analysis for 'Fuel (gas)' in 'South': 0
2024-09-23 12:24:56,780 - ERROR - Failed to create spatial weights matrix: 0
2024-09-23 12:24:56,780 - ERROR - Error in spatial analysis for 'Fuel (gas)' in 'Unified': 0
2024-09-23 12:24:57,003 - ERROR - Failed to create spatial weights matrix: 0
2024-09-23 12:24:57,003 - ERROR - Error in spatial analysis for 'Fuel (petrol-gasoline)' in 'North': 0
2024-09-23 12:24:57,072 - ERROR - Failed to create spatial weights matrix: 0
2024-09-23 12:24:57,072 - ERROR - Error in spatial analysis for 'Fuel (petrol-gasoline)' in 'South': 0
2024-09-23 12:24:57,196 - ERROR - Failed to create spatial weights matrix: 0
2024-09-23 12:24:57,196 - ERROR - Error in spatial analysis for 'Fuel (petrol-gasoline)' in 'Unified': 0
2024-09-23 12:24:57,312 - ERROR - Failed to create spatial weights matrix: 0
2024-09-23 12:24:57,312 - ERROR - Error in spatial analysis for 'Lentils' in 'North': 0
2024-09-23 12:24:57,433 - ERROR - Failed to create spatial weights matrix: 0
2024-09-23 12:24:57,434 - ERROR - Error in spatial analysis for 'Lentils' in 'South': 0
2024-09-23 12:24:57,550 - ERROR - Failed to create spatial weights matrix: 0
2024-09-23 12:24:57,550 - ERROR - Error in spatial analysis for 'Lentils' in 'Unified': 0
2024-09-23 12:24:57,696 - ERROR - Failed to create spatial weights matrix: 0
2024-09-23 12:24:57,696 - ERROR - Error in spatial analysis for 'Livestock (sheep, two-year-old male)' in 'North': 0
2024-09-23 12:24:57,770 - ERROR - Failed to create spatial weights matrix: 0
2024-09-23 12:24:57,770 - ERROR - Error in spatial analysis for 'Livestock (sheep, two-year-old male)' in 'South': 0
2024-09-23 12:24:57,893 - ERROR - Failed to create spatial weights matrix: 0
2024-09-23 12:24:57,893 - ERROR - Error in spatial analysis for 'Livestock (sheep, two-year-old male)' in 'Unified': 0
2024-09-23 12:24:57,999 - ERROR - Failed to create spatial weights matrix: 0
2024-09-23 12:24:57,999 - ERROR - Error in spatial analysis for 'Oil (vegetable)' in 'North': 0
2024-09-23 12:24:58,115 - ERROR - Failed to create spatial weights matrix: 0
2024-09-23 12:24:58,116 - ERROR - Error in spatial analysis for 'Oil (vegetable)' in 'South': 0
2024-09-23 12:24:58,236 - ERROR - Failed to create spatial weights matrix: 0
2024-09-23 12:24:58,236 - ERROR - Error in spatial analysis for 'Oil (vegetable)' in 'Unified': 0
2024-09-23 12:24:58,350 - ERROR - Failed to create spatial weights matrix: 0
2024-09-23 12:24:58,350 - ERROR - Error in spatial analysis for 'Onions' in 'North': 0
2024-09-23 12:24:58,459 - ERROR - Failed to create spatial weights matrix: 0
2024-09-23 12:24:58,459 - ERROR - Error in spatial analysis for 'Onions' in 'South': 0
2024-09-23 12:24:58,587 - ERROR - Failed to create spatial weights matrix: 0
2024-09-23 12:24:58,587 - ERROR - Error in spatial analysis for 'Onions' in 'Unified': 0
2024-09-23 12:24:58,769 - ERROR - Failed to create spatial weights matrix: 0
2024-09-23 12:24:58,769 - ERROR - Error in spatial analysis for 'Peas (yellow, split)' in 'North': 0
2024-09-23 12:24:58,889 - ERROR - Failed to create spatial weights matrix: 0
2024-09-23 12:24:58,889 - ERROR - Error in spatial analysis for 'Peas (yellow, split)' in 'South': 0
2024-09-23 12:24:59,024 - ERROR - Failed to create spatial weights matrix: 0
2024-09-23 12:24:59,024 - ERROR - Error in spatial analysis for 'Peas (yellow, split)' in 'Unified': 0
2024-09-23 12:24:59,180 - ERROR - Failed to create spatial weights matrix: 0
2024-09-23 12:24:59,180 - ERROR - Error in spatial analysis for 'Rice (imported)' in 'North': 0
2024-09-23 12:24:59,315 - ERROR - Failed to create spatial weights matrix: 0
2024-09-23 12:24:59,315 - ERROR - Error in spatial analysis for 'Rice (imported)' in 'South': 0
2024-09-23 12:24:59,435 - ERROR - Failed to create spatial weights matrix: 0
2024-09-23 12:24:59,436 - ERROR - Error in spatial analysis for 'Rice (imported)' in 'Unified': 0
2024-09-23 12:24:59,615 - ERROR - Failed to create spatial weights matrix: 0
2024-09-23 12:24:59,615 - ERROR - Error in spatial analysis for 'Salt' in 'North': 0
2024-09-23 12:24:59,693 - ERROR - Failed to create spatial weights matrix: 0
2024-09-23 12:24:59,693 - ERROR - Error in spatial analysis for 'Salt' in 'South': 0
2024-09-23 12:24:59,825 - ERROR - Failed to create spatial weights matrix: 0
2024-09-23 12:24:59,825 - ERROR - Error in spatial analysis for 'Salt' in 'Unified': 0
2024-09-23 12:24:59,966 - ERROR - Failed to create spatial weights matrix: 0
2024-09-23 12:24:59,966 - ERROR - Error in spatial analysis for 'Sugar' in 'North': 0
2024-09-23 12:25:00,100 - ERROR - Failed to create spatial weights matrix: 0
2024-09-23 12:25:00,100 - ERROR - Error in spatial analysis for 'Sugar' in 'South': 0
2024-09-23 12:25:00,225 - ERROR - Failed to create spatial weights matrix: 0
2024-09-23 12:25:00,225 - ERROR - Error in spatial analysis for 'Sugar' in 'Unified': 0
2024-09-23 12:25:00,356 - ERROR - Failed to create spatial weights matrix: 0
2024-09-23 12:25:00,357 - ERROR - Error in spatial analysis for 'Tomatoes' in 'North': 0
2024-09-23 12:25:00,470 - ERROR - Failed to create spatial weights matrix: 0
2024-09-23 12:25:00,470 - ERROR - Error in spatial analysis for 'Tomatoes' in 'South': 0
2024-09-23 12:25:00,647 - ERROR - Failed to create spatial weights matrix: 0
2024-09-23 12:25:00,647 - ERROR - Error in spatial analysis for 'Tomatoes' in 'Unified': 0
2024-09-23 12:25:00,759 - ERROR - Failed to create spatial weights matrix: 0
2024-09-23 12:25:00,760 - ERROR - Error in spatial analysis for 'Wheat flour' in 'North': 0
2024-09-23 12:25:00,892 - ERROR - Failed to create spatial weights matrix: 0
2024-09-23 12:25:00,892 - ERROR - Error in spatial analysis for 'Wheat flour' in 'South': 0
2024-09-23 12:25:01,012 - ERROR - Failed to create spatial weights matrix: 0
2024-09-23 12:25:01,013 - ERROR - Error in spatial analysis for 'Wheat flour' in 'Unified': 0
2024-09-23 12:25:01,134 - ERROR - Failed to create spatial weights matrix: 0
2024-09-23 12:25:01,134 - ERROR - Error in spatial analysis for 'Wheat' in 'North': 0
2024-09-23 12:25:01,215 - ERROR - Failed to create spatial weights matrix: 0
2024-09-23 12:25:01,215 - ERROR - Error in spatial analysis for 'Wheat' in 'South': 0
2024-09-23 12:25:01,355 - ERROR - Failed to create spatial weights matrix: 0
2024-09-23 12:25:01,355 - ERROR - Error in spatial analysis for 'Wheat' in 'Unified': 0
2024-09-23 12:25:01,692 - INFO - Analysis complete. Results saved to 'results/spatial_analysis_results.json'.
2024-09-23 12:25:02,702 - INFO - Created 33,277 records
2024-09-23 12:25:02,703 - INFO - Modified GeoJSON with 'region_id' saved to Econometrics/data/processed/unified_data_with_region_id.geojson.
2024-09-23 12:25:12,138 - INFO - Loading GeoJSON data from Econometrics/data/processed/unified_data.geojson.
2024-09-23 12:25:13,648 - INFO - 'region_id' column assigned using 'market_id'.
2024-09-23 12:25:13,649 - INFO - GeoJSON data loaded with 33277 records.
2024-09-23 12:25:16,559 - INFO - Spatial analysis completed for 'Beans (kidney red)' in 'North' regime.
2024-09-23 12:25:16,747 - INFO - Spatial analysis completed for 'Beans (kidney red)' in 'South' regime.
2024-09-23 12:25:16,870 - INFO - Spatial analysis completed for 'Beans (kidney red)' in 'Unified' regime.
2024-09-23 12:25:17,007 - INFO - Spatial analysis completed for 'Beans (white)' in 'North' regime.
2024-09-23 12:25:17,094 - INFO - Spatial analysis completed for 'Beans (white)' in 'South' regime.
2024-09-23 12:25:17,242 - INFO - Spatial analysis completed for 'Beans (white)' in 'Unified' regime.
2024-09-23 12:25:17,369 - INFO - Spatial analysis completed for 'Eggs' in 'North' regime.
2024-09-23 12:25:17,493 - INFO - Spatial analysis completed for 'Eggs' in 'South' regime.
2024-09-23 12:25:17,659 - INFO - Spatial analysis completed for 'Eggs' in 'Unified' regime.
2024-09-23 12:25:17,785 - INFO - Spatial analysis completed for 'Fuel (diesel)' in 'North' regime.
2024-09-23 12:25:17,881 - INFO - Spatial analysis completed for 'Fuel (diesel)' in 'South' regime.
2024-09-23 12:25:18,056 - INFO - Spatial analysis completed for 'Fuel (diesel)' in 'Unified' regime.
2024-09-23 12:25:18,190 - INFO - Spatial analysis completed for 'Fuel (gas)' in 'North' regime.
2024-09-23 12:25:18,313 - INFO - Spatial analysis completed for 'Fuel (gas)' in 'South' regime.
2024-09-23 12:25:18,460 - INFO - Spatial analysis completed for 'Fuel (gas)' in 'Unified' regime.
2024-09-23 12:25:18,541 - INFO - Spatial analysis completed for 'Fuel (petrol-gasoline)' in 'North' regime.
2024-09-23 12:25:18,668 - INFO - Spatial analysis completed for 'Fuel (petrol-gasoline)' in 'South' regime.
2024-09-23 12:25:18,840 - INFO - Spatial analysis completed for 'Fuel (petrol-gasoline)' in 'Unified' regime.
2024-09-23 12:25:18,965 - INFO - Spatial analysis completed for 'Lentils' in 'North' regime.
2024-09-23 12:25:19,076 - INFO - Spatial analysis completed for 'Lentils' in 'South' regime.
2024-09-23 12:25:19,231 - INFO - Spatial analysis completed for 'Lentils' in 'Unified' regime.
2024-09-23 12:25:19,316 - INFO - Spatial analysis completed for 'Livestock (sheep, two-year-old male)' in 'North' regime.
2024-09-23 12:25:19,437 - INFO - Spatial analysis completed for 'Livestock (sheep, two-year-old male)' in 'South' regime.
2024-09-23 12:25:19,695 - INFO - Spatial analysis completed for 'Livestock (sheep, two-year-old male)' in 'Unified' regime.
2024-09-23 12:25:19,835 - INFO - Spatial analysis completed for 'Oil (vegetable)' in 'North' regime.
2024-09-23 12:25:19,931 - INFO - Spatial analysis completed for 'Oil (vegetable)' in 'South' regime.
2024-09-23 12:25:20,131 - INFO - Spatial analysis completed for 'Oil (vegetable)' in 'Unified' regime.
2024-09-23 12:25:20,312 - INFO - Spatial analysis completed for 'Onions' in 'North' regime.
2024-09-23 12:25:20,379 - INFO - Spatial analysis completed for 'Onions' in 'South' regime.
2024-09-23 12:25:20,592 - INFO - Spatial analysis completed for 'Onions' in 'Unified' regime.
2024-09-23 12:25:20,674 - INFO - Spatial analysis completed for 'Peas (yellow, split)' in 'North' regime.
2024-09-23 12:25:20,818 - INFO - Spatial analysis completed for 'Peas (yellow, split)' in 'South' regime.
2024-09-23 12:25:21,020 - INFO - Spatial analysis completed for 'Peas (yellow, split)' in 'Unified' regime.
2024-09-23 12:25:21,090 - INFO - Spatial analysis completed for 'Rice (imported)' in 'North' regime.
2024-09-23 12:25:21,215 - INFO - Spatial analysis completed for 'Rice (imported)' in 'South' regime.
2024-09-23 12:25:21,402 - INFO - Spatial analysis completed for 'Rice (imported)' in 'Unified' regime.
2024-09-23 12:25:21,469 - INFO - Spatial analysis completed for 'Salt' in 'North' regime.
2024-09-23 12:25:21,605 - INFO - Spatial analysis completed for 'Salt' in 'South' regime.
2024-09-23 12:25:21,766 - INFO - Spatial analysis completed for 'Salt' in 'Unified' regime.
2024-09-23 12:25:21,849 - INFO - Spatial analysis completed for 'Sugar' in 'North' regime.
2024-09-23 12:25:21,970 - INFO - Spatial analysis completed for 'Sugar' in 'South' regime.
2024-09-23 12:25:22,093 - INFO - Spatial analysis completed for 'Sugar' in 'Unified' regime.
2024-09-23 12:25:22,212 - INFO - Spatial analysis completed for 'Tomatoes' in 'North' regime.
2024-09-23 12:25:22,446 - INFO - Spatial analysis completed for 'Tomatoes' in 'South' regime.
2024-09-23 12:25:22,604 - INFO - Spatial analysis completed for 'Tomatoes' in 'Unified' regime.
2024-09-23 12:25:22,670 - INFO - Spatial analysis completed for 'Wheat flour' in 'North' regime.
2024-09-23 12:25:22,857 - INFO - Spatial analysis completed for 'Wheat flour' in 'South' regime.
2024-09-23 12:25:23,015 - INFO - Spatial analysis completed for 'Wheat flour' in 'Unified' regime.
2024-09-23 12:25:23,157 - INFO - Spatial analysis completed for 'Wheat' in 'North' regime.
2024-09-23 12:25:23,294 - INFO - Spatial analysis completed for 'Wheat' in 'South' regime.
2024-09-23 12:25:23,426 - INFO - Spatial analysis completed for 'Wheat' in 'Unified' regime.
2024-09-23 12:25:23,920 - INFO - Analysis complete. Results saved to 'results/spatial_analysis_results.json'.
2024-09-23 12:25:24,929 - INFO - Created 33,277 records
2024-09-23 12:25:24,930 - INFO - Modified GeoJSON with 'region_id' saved to Econometrics/data/processed/unified_data_with_region_id.geojson.
2024-09-23 12:26:14,898 - INFO - Loading GeoJSON data from Econometrics/data/processed/unified_data.geojson.
2024-09-23 12:26:16,391 - INFO - 'region_id' column assigned using 'market_id'.
2024-09-23 12:26:16,393 - INFO - GeoJSON data loaded with 33277 records.
2024-09-23 12:26:19,291 - ERROR - Failed to create spatial weights matrix: Object of type int64 is not JSON serializable
2024-09-23 12:26:19,291 - ERROR - Error in spatial analysis for 'Beans (kidney red)' in 'North': Object of type int64 is not JSON serializable
2024-09-23 12:26:19,469 - ERROR - Failed to create spatial weights matrix: 0
2024-09-23 12:26:19,470 - ERROR - Error in spatial analysis for 'Beans (kidney red)' in 'South': 0
2024-09-23 12:26:19,581 - ERROR - Failed to create spatial weights matrix: 0
2024-09-23 12:26:19,581 - ERROR - Error in spatial analysis for 'Beans (kidney red)' in 'Unified': 0
2024-09-23 12:26:19,713 - ERROR - Failed to create spatial weights matrix: 0
2024-09-23 12:26:19,713 - ERROR - Error in spatial analysis for 'Beans (white)' in 'North': 0
2024-09-23 12:26:19,823 - ERROR - Failed to create spatial weights matrix: 0
2024-09-23 12:26:19,823 - ERROR - Error in spatial analysis for 'Beans (white)' in 'South': 0
2024-09-23 12:26:19,967 - ERROR - Failed to create spatial weights matrix: 0
2024-09-23 12:26:19,968 - ERROR - Error in spatial analysis for 'Beans (white)' in 'Unified': 0
2024-09-23 12:26:20,075 - ERROR - Failed to create spatial weights matrix: 0
2024-09-23 12:26:20,076 - ERROR - Error in spatial analysis for 'Eggs' in 'North': 0
2024-09-23 12:26:20,199 - ERROR - Failed to create spatial weights matrix: 0
2024-09-23 12:26:20,199 - ERROR - Error in spatial analysis for 'Eggs' in 'South': 0
2024-09-23 12:26:20,322 - ERROR - Failed to create spatial weights matrix: 0
2024-09-23 12:26:20,322 - ERROR - Error in spatial analysis for 'Eggs' in 'Unified': 0
2024-09-23 12:26:20,492 - ERROR - Failed to create spatial weights matrix: 0
2024-09-23 12:26:20,493 - ERROR - Error in spatial analysis for 'Fuel (diesel)' in 'North': 0
2024-09-23 12:26:20,628 - ERROR - Failed to create spatial weights matrix: 0
2024-09-23 12:26:20,628 - ERROR - Error in spatial analysis for 'Fuel (diesel)' in 'South': 0
2024-09-23 12:26:20,794 - ERROR - Failed to create spatial weights matrix: 0
2024-09-23 12:26:20,794 - ERROR - Error in spatial analysis for 'Fuel (diesel)' in 'Unified': 0
2024-09-23 12:26:20,925 - ERROR - Failed to create spatial weights matrix: 0
2024-09-23 12:26:20,925 - ERROR - Error in spatial analysis for 'Fuel (gas)' in 'North': 0
2024-09-23 12:26:21,047 - ERROR - Failed to create spatial weights matrix: 0
2024-09-23 12:26:21,047 - ERROR - Error in spatial analysis for 'Fuel (gas)' in 'South': 0
2024-09-23 12:26:21,180 - ERROR - Failed to create spatial weights matrix: 0
2024-09-23 12:26:21,180 - ERROR - Error in spatial analysis for 'Fuel (gas)' in 'Unified': 0
2024-09-23 12:26:21,241 - ERROR - Failed to create spatial weights matrix: 0
2024-09-23 12:26:21,241 - ERROR - Error in spatial analysis for 'Fuel (petrol-gasoline)' in 'North': 0
2024-09-23 12:26:21,350 - ERROR - Failed to create spatial weights matrix: 0
2024-09-23 12:26:21,350 - ERROR - Error in spatial analysis for 'Fuel (petrol-gasoline)' in 'South': 0
2024-09-23 12:26:21,475 - ERROR - Failed to create spatial weights matrix: 0
2024-09-23 12:26:21,475 - ERROR - Error in spatial analysis for 'Fuel (petrol-gasoline)' in 'Unified': 0
2024-09-23 12:26:21,599 - ERROR - Failed to create spatial weights matrix: 0
2024-09-23 12:26:21,599 - ERROR - Error in spatial analysis for 'Lentils' in 'North': 0
2024-09-23 12:26:21,725 - ERROR - Failed to create spatial weights matrix: 0
2024-09-23 12:26:21,725 - ERROR - Error in spatial analysis for 'Lentils' in 'South': 0
2024-09-23 12:26:21,846 - ERROR - Failed to create spatial weights matrix: 0
2024-09-23 12:26:21,847 - ERROR - Error in spatial analysis for 'Lentils' in 'Unified': 0
2024-09-23 12:26:21,953 - ERROR - Failed to create spatial weights matrix: 0
2024-09-23 12:26:21,953 - ERROR - Error in spatial analysis for 'Livestock (sheep, two-year-old male)' in 'North': 0
2024-09-23 12:26:22,133 - ERROR - Failed to create spatial weights matrix: 0
2024-09-23 12:26:22,133 - ERROR - Error in spatial analysis for 'Livestock (sheep, two-year-old male)' in 'South': 0
2024-09-23 12:26:22,211 - ERROR - Failed to create spatial weights matrix: 0
2024-09-23 12:26:22,211 - ERROR - Error in spatial analysis for 'Livestock (sheep, two-year-old male)' in 'Unified': 0
2024-09-23 12:26:22,321 - ERROR - Failed to create spatial weights matrix: 0
2024-09-23 12:26:22,321 - ERROR - Error in spatial analysis for 'Oil (vegetable)' in 'North': 0
2024-09-23 12:26:22,430 - ERROR - Failed to create spatial weights matrix: 0
2024-09-23 12:26:22,430 - ERROR - Error in spatial analysis for 'Oil (vegetable)' in 'South': 0
2024-09-23 12:26:22,543 - ERROR - Failed to create spatial weights matrix: 0
2024-09-23 12:26:22,543 - ERROR - Error in spatial analysis for 'Oil (vegetable)' in 'Unified': 0
2024-09-23 12:26:22,667 - ERROR - Failed to create spatial weights matrix: 0
2024-09-23 12:26:22,667 - ERROR - Error in spatial analysis for 'Onions' in 'North': 0
2024-09-23 12:26:22,771 - ERROR - Failed to create spatial weights matrix: 0
2024-09-23 12:26:22,771 - ERROR - Error in spatial analysis for 'Onions' in 'South': 0
2024-09-23 12:26:22,898 - ERROR - Failed to create spatial weights matrix: 0
2024-09-23 12:26:22,898 - ERROR - Error in spatial analysis for 'Onions' in 'Unified': 0
2024-09-23 12:26:23,054 - ERROR - Failed to create spatial weights matrix: 0
2024-09-23 12:26:23,055 - ERROR - Error in spatial analysis for 'Peas (yellow, split)' in 'North': 0
2024-09-23 12:26:23,186 - ERROR - Failed to create spatial weights matrix: 0
2024-09-23 12:26:23,186 - ERROR - Error in spatial analysis for 'Peas (yellow, split)' in 'South': 0
2024-09-23 12:26:23,318 - ERROR - Failed to create spatial weights matrix: 0
2024-09-23 12:26:23,318 - ERROR - Error in spatial analysis for 'Peas (yellow, split)' in 'Unified': 0
2024-09-23 12:26:23,430 - ERROR - Failed to create spatial weights matrix: 0
2024-09-23 12:26:23,430 - ERROR - Error in spatial analysis for 'Rice (imported)' in 'North': 0
2024-09-23 12:26:23,548 - ERROR - Failed to create spatial weights matrix: 0
2024-09-23 12:26:23,548 - ERROR - Error in spatial analysis for 'Rice (imported)' in 'South': 0
2024-09-23 12:26:23,669 - ERROR - Failed to create spatial weights matrix: 0
2024-09-23 12:26:23,670 - ERROR - Error in spatial analysis for 'Rice (imported)' in 'Unified': 0
2024-09-23 12:26:23,808 - ERROR - Failed to create spatial weights matrix: 0
2024-09-23 12:26:23,808 - ERROR - Error in spatial analysis for 'Salt' in 'North': 0
2024-09-23 12:26:23,891 - ERROR - Failed to create spatial weights matrix: 0
2024-09-23 12:26:23,891 - ERROR - Error in spatial analysis for 'Salt' in 'South': 0
2024-09-23 12:26:24,019 - ERROR - Failed to create spatial weights matrix: 0
2024-09-23 12:26:24,019 - ERROR - Error in spatial analysis for 'Salt' in 'Unified': 0
2024-09-23 12:26:24,138 - ERROR - Failed to create spatial weights matrix: 0
2024-09-23 12:26:24,138 - ERROR - Error in spatial analysis for 'Sugar' in 'North': 0
2024-09-23 12:26:24,258 - ERROR - Failed to create spatial weights matrix: 0
2024-09-23 12:26:24,258 - ERROR - Error in spatial analysis for 'Sugar' in 'South': 0
2024-09-23 12:26:24,390 - ERROR - Failed to create spatial weights matrix: 0
2024-09-23 12:26:24,390 - ERROR - Error in spatial analysis for 'Sugar' in 'Unified': 0
2024-09-23 12:26:24,510 - ERROR - Failed to create spatial weights matrix: 0
2024-09-23 12:26:24,510 - ERROR - Error in spatial analysis for 'Tomatoes' in 'North': 0
2024-09-23 12:26:24,635 - ERROR - Failed to create spatial weights matrix: 0
2024-09-23 12:26:24,635 - ERROR - Error in spatial analysis for 'Tomatoes' in 'South': 0
2024-09-23 12:26:24,813 - ERROR - Failed to create spatial weights matrix: 0
2024-09-23 12:26:24,813 - ERROR - Error in spatial analysis for 'Tomatoes' in 'Unified': 0
2024-09-23 12:26:24,998 - ERROR - Failed to create spatial weights matrix: 0
2024-09-23 12:26:24,998 - ERROR - Error in spatial analysis for 'Wheat flour' in 'North': 0
2024-09-23 12:26:25,143 - ERROR - Failed to create spatial weights matrix: 0
2024-09-23 12:26:25,143 - ERROR - Error in spatial analysis for 'Wheat flour' in 'South': 0
2024-09-23 12:26:25,284 - ERROR - Failed to create spatial weights matrix: 0
2024-09-23 12:26:25,284 - ERROR - Error in spatial analysis for 'Wheat flour' in 'Unified': 0
2024-09-23 12:26:25,419 - ERROR - Failed to create spatial weights matrix: 0
2024-09-23 12:26:25,419 - ERROR - Error in spatial analysis for 'Wheat' in 'North': 0
2024-09-23 12:26:25,556 - ERROR - Failed to create spatial weights matrix: 0
2024-09-23 12:26:25,557 - ERROR - Error in spatial analysis for 'Wheat' in 'South': 0
2024-09-23 12:26:25,646 - ERROR - Failed to create spatial weights matrix: 0
2024-09-23 12:26:25,646 - ERROR - Error in spatial analysis for 'Wheat' in 'Unified': 0
2024-09-23 12:26:26,005 - INFO - Analysis complete. Results saved to 'results/spatial_analysis_results.json'.
2024-09-23 12:26:27,013 - INFO - Created 33,277 records
2024-09-23 12:26:27,015 - INFO - Modified GeoJSON with 'region_id' saved to Econometrics/data/processed/unified_data_with_region_id.geojson.
2024-09-23 12:26:54,541 - INFO - Loading GeoJSON data from Econometrics/data/processed/unified_data.geojson.
2024-09-23 12:26:56,038 - INFO - 'region_id' column assigned using 'market_id'.
2024-09-23 12:26:56,039 - INFO - GeoJSON data loaded with 33277 records.
2024-09-23 12:26:58,903 - ERROR - Failed to create spatial weights matrix: Object of type int64 is not JSON serializable
2024-09-23 12:26:58,903 - ERROR - Error in spatial analysis for 'Beans (kidney red)' in 'North': Object of type int64 is not JSON serializable
2024-09-23 12:26:59,040 - ERROR - Failed to create spatial weights matrix: 0
2024-09-23 12:26:59,040 - ERROR - Error in spatial analysis for 'Beans (kidney red)' in 'South': 0
2024-09-23 12:26:59,208 - ERROR - Failed to create spatial weights matrix: 0
2024-09-23 12:26:59,208 - ERROR - Error in spatial analysis for 'Beans (kidney red)' in 'Unified': 0
2024-09-23 12:26:59,298 - ERROR - Failed to create spatial weights matrix: 0
2024-09-23 12:26:59,298 - ERROR - Error in spatial analysis for 'Beans (white)' in 'North': 0
2024-09-23 12:26:59,399 - ERROR - Failed to create spatial weights matrix: 0
2024-09-23 12:26:59,399 - ERROR - Error in spatial analysis for 'Beans (white)' in 'South': 0
2024-09-23 12:26:59,533 - ERROR - Failed to create spatial weights matrix: 0
2024-09-23 12:26:59,533 - ERROR - Error in spatial analysis for 'Beans (white)' in 'Unified': 0
2024-09-23 12:26:59,657 - ERROR - Failed to create spatial weights matrix: 0
2024-09-23 12:26:59,657 - ERROR - Error in spatial analysis for 'Eggs' in 'North': 0
2024-09-23 12:26:59,764 - ERROR - Failed to create spatial weights matrix: 0
2024-09-23 12:26:59,764 - ERROR - Error in spatial analysis for 'Eggs' in 'South': 0
2024-09-23 12:26:59,938 - ERROR - Failed to create spatial weights matrix: 0
2024-09-23 12:26:59,940 - ERROR - Error in spatial analysis for 'Eggs' in 'Unified': 0
2024-09-23 12:27:00,037 - ERROR - Failed to create spatial weights matrix: 0
2024-09-23 12:27:00,037 - ERROR - Error in spatial analysis for 'Fuel (diesel)' in 'North': 0
2024-09-23 12:27:00,198 - ERROR - Failed to create spatial weights matrix: 0
2024-09-23 12:27:00,198 - ERROR - Error in spatial analysis for 'Fuel (diesel)' in 'South': 0
2024-09-23 12:27:00,323 - ERROR - Failed to create spatial weights matrix: 0
2024-09-23 12:27:00,323 - ERROR - Error in spatial analysis for 'Fuel (diesel)' in 'Unified': 0
2024-09-23 12:27:00,464 - ERROR - Failed to create spatial weights matrix: 0
2024-09-23 12:27:00,464 - ERROR - Error in spatial analysis for 'Fuel (gas)' in 'North': 0
2024-09-23 12:27:00,590 - ERROR - Failed to create spatial weights matrix: 0
2024-09-23 12:27:00,590 - ERROR - Error in spatial analysis for 'Fuel (gas)' in 'South': 0
2024-09-23 12:27:00,723 - ERROR - Failed to create spatial weights matrix: 0
2024-09-23 12:27:00,723 - ERROR - Error in spatial analysis for 'Fuel (gas)' in 'Unified': 0
2024-09-23 12:27:00,801 - ERROR - Failed to create spatial weights matrix: 0
2024-09-23 12:27:00,801 - ERROR - Error in spatial analysis for 'Fuel (petrol-gasoline)' in 'North': 0
2024-09-23 12:27:00,908 - ERROR - Failed to create spatial weights matrix: 0
2024-09-23 12:27:00,909 - ERROR - Error in spatial analysis for 'Fuel (petrol-gasoline)' in 'South': 0
2024-09-23 12:27:01,032 - ERROR - Failed to create spatial weights matrix: 0
2024-09-23 12:27:01,033 - ERROR - Error in spatial analysis for 'Fuel (petrol-gasoline)' in 'Unified': 0
2024-09-23 12:27:01,154 - ERROR - Failed to create spatial weights matrix: 0
2024-09-23 12:27:01,154 - ERROR - Error in spatial analysis for 'Lentils' in 'North': 0
2024-09-23 12:27:01,265 - ERROR - Failed to create spatial weights matrix: 0
2024-09-23 12:27:01,266 - ERROR - Error in spatial analysis for 'Lentils' in 'South': 0
2024-09-23 12:27:01,440 - ERROR - Failed to create spatial weights matrix: 0
2024-09-23 12:27:01,441 - ERROR - Error in spatial analysis for 'Lentils' in 'Unified': 0
2024-09-23 12:27:01,550 - ERROR - Failed to create spatial weights matrix: 0
2024-09-23 12:27:01,550 - ERROR - Error in spatial analysis for 'Livestock (sheep, two-year-old male)' in 'North': 0
2024-09-23 12:27:01,674 - ERROR - Failed to create spatial weights matrix: 0
2024-09-23 12:27:01,674 - ERROR - Error in spatial analysis for 'Livestock (sheep, two-year-old male)' in 'South': 0
2024-09-23 12:27:01,862 - ERROR - Failed to create spatial weights matrix: 0
2024-09-23 12:27:01,862 - ERROR - Error in spatial analysis for 'Livestock (sheep, two-year-old male)' in 'Unified': 0
2024-09-23 12:27:01,921 - ERROR - Failed to create spatial weights matrix: 0
2024-09-23 12:27:01,921 - ERROR - Error in spatial analysis for 'Oil (vegetable)' in 'North': 0
2024-09-23 12:27:02,034 - ERROR - Failed to create spatial weights matrix: 0
2024-09-23 12:27:02,034 - ERROR - Error in spatial analysis for 'Oil (vegetable)' in 'South': 0
2024-09-23 12:27:02,159 - ERROR - Failed to create spatial weights matrix: 0
2024-09-23 12:27:02,159 - ERROR - Error in spatial analysis for 'Oil (vegetable)' in 'Unified': 0
2024-09-23 12:27:02,274 - ERROR - Failed to create spatial weights matrix: 0
2024-09-23 12:27:02,274 - ERROR - Error in spatial analysis for 'Onions' in 'North': 0
2024-09-23 12:27:02,374 - ERROR - Failed to create spatial weights matrix: 0
2024-09-23 12:27:02,374 - ERROR - Error in spatial analysis for 'Onions' in 'South': 0
2024-09-23 12:27:02,558 - ERROR - Failed to create spatial weights matrix: 0
2024-09-23 12:27:02,558 - ERROR - Error in spatial analysis for 'Onions' in 'Unified': 0
2024-09-23 12:27:02,617 - ERROR - Failed to create spatial weights matrix: 0
2024-09-23 12:27:02,618 - ERROR - Error in spatial analysis for 'Peas (yellow, split)' in 'North': 0
2024-09-23 12:27:02,781 - ERROR - Failed to create spatial weights matrix: 0
2024-09-23 12:27:02,782 - ERROR - Error in spatial analysis for 'Peas (yellow, split)' in 'South': 0
2024-09-23 12:27:02,930 - ERROR - Failed to create spatial weights matrix: 0
2024-09-23 12:27:02,930 - ERROR - Error in spatial analysis for 'Peas (yellow, split)' in 'Unified': 0
2024-09-23 12:27:03,039 - ERROR - Failed to create spatial weights matrix: 0
2024-09-23 12:27:03,039 - ERROR - Error in spatial analysis for 'Rice (imported)' in 'North': 0
2024-09-23 12:27:03,149 - ERROR - Failed to create spatial weights matrix: 0
2024-09-23 12:27:03,150 - ERROR - Error in spatial analysis for 'Rice (imported)' in 'South': 0
2024-09-23 12:27:03,276 - ERROR - Failed to create spatial weights matrix: 0
2024-09-23 12:27:03,276 - ERROR - Error in spatial analysis for 'Rice (imported)' in 'Unified': 0
2024-09-23 12:27:03,363 - ERROR - Failed to create spatial weights matrix: 0
2024-09-23 12:27:03,364 - ERROR - Error in spatial analysis for 'Salt' in 'North': 0
2024-09-23 12:27:03,512 - ERROR - Failed to create spatial weights matrix: 0
2024-09-23 12:27:03,512 - ERROR - Error in spatial analysis for 'Salt' in 'South': 0
2024-09-23 12:27:03,610 - ERROR - Failed to create spatial weights matrix: 0
2024-09-23 12:27:03,610 - ERROR - Error in spatial analysis for 'Salt' in 'Unified': 0
2024-09-23 12:27:03,715 - ERROR - Failed to create spatial weights matrix: 0
2024-09-23 12:27:03,715 - ERROR - Error in spatial analysis for 'Sugar' in 'North': 0
2024-09-23 12:27:03,838 - ERROR - Failed to create spatial weights matrix: 0
2024-09-23 12:27:03,839 - ERROR - Error in spatial analysis for 'Sugar' in 'South': 0
2024-09-23 12:27:03,943 - ERROR - Failed to create spatial weights matrix: 0
2024-09-23 12:27:03,943 - ERROR - Error in spatial analysis for 'Sugar' in 'Unified': 0
2024-09-23 12:27:04,073 - ERROR - Failed to create spatial weights matrix: 0
2024-09-23 12:27:04,073 - ERROR - Error in spatial analysis for 'Tomatoes' in 'North': 0
2024-09-23 12:27:04,216 - ERROR - Failed to create spatial weights matrix: 0
2024-09-23 12:27:04,216 - ERROR - Error in spatial analysis for 'Tomatoes' in 'South': 0
2024-09-23 12:27:04,326 - ERROR - Failed to create spatial weights matrix: 0
2024-09-23 12:27:04,326 - ERROR - Error in spatial analysis for 'Tomatoes' in 'Unified': 0
2024-09-23 12:27:04,457 - ERROR - Failed to create spatial weights matrix: 0
2024-09-23 12:27:04,457 - ERROR - Error in spatial analysis for 'Wheat flour' in 'North': 0
2024-09-23 12:27:04,581 - ERROR - Failed to create spatial weights matrix: 0
2024-09-23 12:27:04,581 - ERROR - Error in spatial analysis for 'Wheat flour' in 'South': 0
2024-09-23 12:27:04,728 - ERROR - Failed to create spatial weights matrix: 0
2024-09-23 12:27:04,729 - ERROR - Error in spatial analysis for 'Wheat flour' in 'Unified': 0
2024-09-23 12:27:04,852 - ERROR - Failed to create spatial weights matrix: 0
2024-09-23 12:27:04,852 - ERROR - Error in spatial analysis for 'Wheat' in 'North': 0
2024-09-23 12:27:04,973 - ERROR - Failed to create spatial weights matrix: 0
2024-09-23 12:27:04,973 - ERROR - Error in spatial analysis for 'Wheat' in 'South': 0
2024-09-23 12:27:05,078 - ERROR - Failed to create spatial weights matrix: 0
2024-09-23 12:27:05,079 - ERROR - Error in spatial analysis for 'Wheat' in 'Unified': 0
2024-09-23 12:27:05,445 - INFO - Analysis complete. Results saved to 'results/spatial_analysis_results.json'.
2024-09-23 12:27:06,433 - INFO - Created 33,277 records
2024-09-23 12:27:06,434 - INFO - Modified GeoJSON with 'region_id' saved to Econometrics/data/processed/unified_data_with_region_id.geojson.
2024-09-23 12:31:34,198 - INFO - Loading GeoJSON data from Econometrics/data/processed/unified_data.geojson.
2024-09-23 12:31:35,720 - INFO - 'region_id' column assigned using 'market_id'.
2024-09-23 12:31:35,722 - INFO - GeoJSON data loaded with 33277 records.
2024-09-23 12:31:38,694 - INFO - Spatial analysis completed for 'Beans (kidney red)' in 'North' regime.
2024-09-23 12:31:38,803 - INFO - Spatial analysis completed for 'Beans (kidney red)' in 'South' regime.
2024-09-23 12:31:38,944 - INFO - Spatial analysis completed for 'Beans (kidney red)' in 'Unified' regime.
2024-09-23 12:31:39,056 - INFO - Spatial analysis completed for 'Beans (white)' in 'North' regime.
2024-09-23 12:31:39,191 - INFO - Spatial analysis completed for 'Beans (white)' in 'South' regime.
2024-09-23 12:31:39,314 - INFO - Spatial analysis completed for 'Beans (white)' in 'Unified' regime.
2024-09-23 12:31:39,418 - INFO - Spatial analysis completed for 'Eggs' in 'North' regime.
2024-09-23 12:31:39,579 - INFO - Spatial analysis completed for 'Eggs' in 'South' regime.
2024-09-23 12:31:39,713 - INFO - Spatial analysis completed for 'Eggs' in 'Unified' regime.
2024-09-23 12:31:39,893 - INFO - Spatial analysis completed for 'Fuel (diesel)' in 'North' regime.
2024-09-23 12:31:40,001 - INFO - Spatial analysis completed for 'Fuel (diesel)' in 'South' regime.
2024-09-23 12:31:40,165 - INFO - Spatial analysis completed for 'Fuel (diesel)' in 'Unified' regime.
2024-09-23 12:31:40,292 - INFO - Spatial analysis completed for 'Fuel (gas)' in 'North' regime.
2024-09-23 12:31:40,433 - INFO - Spatial analysis completed for 'Fuel (gas)' in 'South' regime.
2024-09-23 12:31:40,518 - INFO - Spatial analysis completed for 'Fuel (gas)' in 'Unified' regime.
2024-09-23 12:31:40,658 - INFO - Spatial analysis completed for 'Fuel (petrol-gasoline)' in 'North' regime.
2024-09-23 12:31:40,760 - INFO - Spatial analysis completed for 'Fuel (petrol-gasoline)' in 'South' regime.
2024-09-23 12:31:40,939 - INFO - Spatial analysis completed for 'Fuel (petrol-gasoline)' in 'Unified' regime.
2024-09-23 12:31:41,059 - INFO - Spatial analysis completed for 'Lentils' in 'North' regime.
2024-09-23 12:31:41,163 - INFO - Spatial analysis completed for 'Lentils' in 'South' regime.
2024-09-23 12:31:41,327 - INFO - Spatial analysis completed for 'Lentils' in 'Unified' regime.
2024-09-23 12:31:41,428 - INFO - Spatial analysis completed for 'Livestock (sheep, two-year-old male)' in 'North' regime.
2024-09-23 12:31:41,545 - INFO - Spatial analysis completed for 'Livestock (sheep, two-year-old male)' in 'South' regime.
2024-09-23 12:31:41,775 - INFO - Spatial analysis completed for 'Livestock (sheep, two-year-old male)' in 'Unified' regime.
2024-09-23 12:31:41,920 - INFO - Spatial analysis completed for 'Oil (vegetable)' in 'North' regime.
2024-09-23 12:31:42,018 - INFO - Spatial analysis completed for 'Oil (vegetable)' in 'South' regime.
2024-09-23 12:31:42,214 - INFO - Spatial analysis completed for 'Oil (vegetable)' in 'Unified' regime.
2024-09-23 12:31:42,365 - INFO - Spatial analysis completed for 'Onions' in 'North' regime.
2024-09-23 12:31:42,485 - INFO - Spatial analysis completed for 'Onions' in 'South' regime.
2024-09-23 12:31:42,656 - INFO - Spatial analysis completed for 'Onions' in 'Unified' regime.
2024-09-23 12:31:42,746 - INFO - Spatial analysis completed for 'Peas (yellow, split)' in 'North' regime.
2024-09-23 12:31:42,897 - INFO - Spatial analysis completed for 'Peas (yellow, split)' in 'South' regime.
2024-09-23 12:31:43,109 - INFO - Spatial analysis completed for 'Peas (yellow, split)' in 'Unified' regime.
2024-09-23 12:31:43,193 - INFO - Spatial analysis completed for 'Rice (imported)' in 'North' regime.
2024-09-23 12:31:43,347 - INFO - Spatial analysis completed for 'Rice (imported)' in 'South' regime.
2024-09-23 12:31:43,495 - INFO - Spatial analysis completed for 'Rice (imported)' in 'Unified' regime.
2024-09-23 12:31:43,611 - INFO - Spatial analysis completed for 'Salt' in 'North' regime.
2024-09-23 12:31:43,746 - INFO - Spatial analysis completed for 'Salt' in 'South' regime.
2024-09-23 12:31:43,880 - INFO - Spatial analysis completed for 'Salt' in 'Unified' regime.
2024-09-23 12:31:43,999 - INFO - Spatial analysis completed for 'Sugar' in 'North' regime.
2024-09-23 12:31:44,120 - INFO - Spatial analysis completed for 'Sugar' in 'South' regime.
2024-09-23 12:31:44,253 - INFO - Spatial analysis completed for 'Sugar' in 'Unified' regime.
2024-09-23 12:31:44,423 - INFO - Spatial analysis completed for 'Tomatoes' in 'North' regime.
2024-09-23 12:31:44,521 - INFO - Spatial analysis completed for 'Tomatoes' in 'South' regime.
2024-09-23 12:31:44,719 - INFO - Spatial analysis completed for 'Tomatoes' in 'Unified' regime.
2024-09-23 12:31:44,853 - INFO - Spatial analysis completed for 'Wheat flour' in 'North' regime.
2024-09-23 12:31:44,974 - INFO - Spatial analysis completed for 'Wheat flour' in 'South' regime.
2024-09-23 12:31:45,124 - INFO - Spatial analysis completed for 'Wheat flour' in 'Unified' regime.
2024-09-23 12:31:45,256 - INFO - Spatial analysis completed for 'Wheat' in 'North' regime.
2024-09-23 12:31:45,353 - INFO - Spatial analysis completed for 'Wheat' in 'South' regime.
2024-09-23 12:31:45,497 - INFO - Spatial analysis completed for 'Wheat' in 'Unified' regime.
2024-09-23 12:31:46,022 - INFO - Analysis complete. Results saved to 'results/spatial_analysis_results.json'.
2024-09-23 12:31:47,005 - INFO - Created 33,277 records
2024-09-23 12:31:47,006 - INFO - Modified GeoJSON with 'region_id' saved to Econometrics/data/processed/unified_data_with_region_id.geojson.
2024-09-23 12:41:14,269 - INFO - Loading GeoJSON data from Econometrics/data/processed/unified_data.geojson.
2024-09-23 12:41:15,772 - INFO - 'region_id' column assigned using 'market_id'.
2024-09-23 12:41:15,774 - INFO - GeoJSON validation passed.
2024-09-23 12:41:15,777 - INFO - GeoJSON data loaded with 33277 records.
2024-09-23 12:41:18,566 - INFO - [Beans (kidney red) | North] Starting spatial analysis.
2024-09-23 12:41:18,714 - INFO - [Beans (kidney red) | North] Spatial analysis completed successfully.
2024-09-23 12:41:18,798 - INFO - [Beans (kidney red) | South] Starting spatial analysis.
2024-09-23 12:41:18,819 - ERROR - Failed to create spatial weights matrix for 'Beans (kidney red)' | 'South': 0
2024-09-23 12:41:18,819 - ERROR - [Beans (kidney red) | South] Error during spatial analysis: 0
2024-09-23 12:41:18,933 - INFO - [Beans (kidney red) | Unified] Starting spatial analysis.
2024-09-23 12:41:18,949 - ERROR - Failed to create spatial weights matrix for 'Beans (kidney red)' | 'Unified': 0
2024-09-23 12:41:18,949 - ERROR - [Beans (kidney red) | Unified] Error during spatial analysis: 0
2024-09-23 12:41:19,100 - INFO - [Beans (white) | North] Starting spatial analysis.
2024-09-23 12:41:19,112 - ERROR - Failed to create spatial weights matrix for 'Beans (white)' | 'North': 0
2024-09-23 12:41:19,112 - ERROR - [Beans (white) | North] Error during spatial analysis: 0
2024-09-23 12:41:19,195 - INFO - [Beans (white) | South] Starting spatial analysis.
2024-09-23 12:41:19,207 - ERROR - Failed to create spatial weights matrix for 'Beans (white)' | 'South': 0
2024-09-23 12:41:19,207 - ERROR - [Beans (white) | South] Error during spatial analysis: 0
2024-09-23 12:41:19,326 - INFO - [Beans (white) | Unified] Starting spatial analysis.
2024-09-23 12:41:19,342 - ERROR - Failed to create spatial weights matrix for 'Beans (white)' | 'Unified': 0
2024-09-23 12:41:19,342 - ERROR - [Beans (white) | Unified] Error during spatial analysis: 0
2024-09-23 12:41:19,452 - INFO - [Eggs | North] Starting spatial analysis.
2024-09-23 12:41:19,466 - ERROR - Failed to create spatial weights matrix for 'Eggs' | 'North': 0
2024-09-23 12:41:19,466 - ERROR - [Eggs | North] Error during spatial analysis: 0
2024-09-23 12:41:19,588 - INFO - [Eggs | South] Starting spatial analysis.
2024-09-23 12:41:19,601 - ERROR - Failed to create spatial weights matrix for 'Eggs' | 'South': 0
2024-09-23 12:41:19,601 - ERROR - [Eggs | South] Error during spatial analysis: 0
2024-09-23 12:41:19,759 - INFO - [Eggs | Unified] Starting spatial analysis.
2024-09-23 12:41:19,775 - ERROR - Failed to create spatial weights matrix for 'Eggs' | 'Unified': 0
2024-09-23 12:41:19,776 - ERROR - [Eggs | Unified] Error during spatial analysis: 0
2024-09-23 12:41:19,883 - INFO - [Fuel (diesel) | North] Starting spatial analysis.
2024-09-23 12:41:19,895 - ERROR - Failed to create spatial weights matrix for 'Fuel (diesel)' | 'North': 0
2024-09-23 12:41:19,895 - ERROR - [Fuel (diesel) | North] Error during spatial analysis: 0
2024-09-23 12:41:19,959 - INFO - [Fuel (diesel) | South] Starting spatial analysis.
2024-09-23 12:41:19,970 - ERROR - Failed to create spatial weights matrix for 'Fuel (diesel)' | 'South': 0
2024-09-23 12:41:19,970 - ERROR - [Fuel (diesel) | South] Error during spatial analysis: 0
2024-09-23 12:41:20,161 - INFO - [Fuel (diesel) | Unified] Starting spatial analysis.
2024-09-23 12:41:20,175 - ERROR - Failed to create spatial weights matrix for 'Fuel (diesel)' | 'Unified': 0
2024-09-23 12:41:20,175 - ERROR - [Fuel (diesel) | Unified] Error during spatial analysis: 0
2024-09-23 12:41:20,312 - INFO - [Fuel (gas) | North] Starting spatial analysis.
2024-09-23 12:41:20,324 - ERROR - Failed to create spatial weights matrix for 'Fuel (gas)' | 'North': 0
2024-09-23 12:41:20,324 - ERROR - [Fuel (gas) | North] Error during spatial analysis: 0
2024-09-23 12:41:20,459 - INFO - [Fuel (gas) | South] Starting spatial analysis.
2024-09-23 12:41:20,469 - ERROR - Failed to create spatial weights matrix for 'Fuel (gas)' | 'South': 0
2024-09-23 12:41:20,469 - ERROR - [Fuel (gas) | South] Error during spatial analysis: 0
2024-09-23 12:41:20,588 - INFO - [Fuel (gas) | Unified] Starting spatial analysis.
2024-09-23 12:41:20,601 - ERROR - Failed to create spatial weights matrix for 'Fuel (gas)' | 'Unified': 0
2024-09-23 12:41:20,601 - ERROR - [Fuel (gas) | Unified] Error during spatial analysis: 0
2024-09-23 12:41:20,663 - INFO - [Fuel (petrol-gasoline) | North] Starting spatial analysis.
2024-09-23 12:41:20,677 - ERROR - Failed to create spatial weights matrix for 'Fuel (petrol-gasoline)' | 'North': 0
2024-09-23 12:41:20,677 - ERROR - [Fuel (petrol-gasoline) | North] Error during spatial analysis: 0
2024-09-23 12:41:20,781 - INFO - [Fuel (petrol-gasoline) | South] Starting spatial analysis.
2024-09-23 12:41:20,794 - ERROR - Failed to create spatial weights matrix for 'Fuel (petrol-gasoline)' | 'South': 0
2024-09-23 12:41:20,794 - ERROR - [Fuel (petrol-gasoline) | South] Error during spatial analysis: 0
2024-09-23 12:41:20,895 - INFO - [Fuel (petrol-gasoline) | Unified] Starting spatial analysis.
2024-09-23 12:41:20,916 - ERROR - Failed to create spatial weights matrix for 'Fuel (petrol-gasoline)' | 'Unified': 0
2024-09-23 12:41:20,916 - ERROR - [Fuel (petrol-gasoline) | Unified] Error during spatial analysis: 0
2024-09-23 12:41:21,018 - INFO - [Lentils | North] Starting spatial analysis.
2024-09-23 12:41:21,031 - ERROR - Failed to create spatial weights matrix for 'Lentils' | 'North': 0
2024-09-23 12:41:21,031 - ERROR - [Lentils | North] Error during spatial analysis: 0
2024-09-23 12:41:21,139 - INFO - [Lentils | South] Starting spatial analysis.
2024-09-23 12:41:21,154 - ERROR - Failed to create spatial weights matrix for 'Lentils' | 'South': 0
2024-09-23 12:41:21,154 - ERROR - [Lentils | South] Error during spatial analysis: 0
2024-09-23 12:41:21,268 - INFO - [Lentils | Unified] Starting spatial analysis.
2024-09-23 12:41:21,284 - ERROR - Failed to create spatial weights matrix for 'Lentils' | 'Unified': 0
2024-09-23 12:41:21,284 - ERROR - [Lentils | Unified] Error during spatial analysis: 0
2024-09-23 12:41:21,384 - INFO - [Livestock (sheep, two-year-old male) | North] Starting spatial analysis.
2024-09-23 12:41:21,392 - ERROR - Failed to create spatial weights matrix for 'Livestock (sheep, two-year-old male)' | 'North': 0
2024-09-23 12:41:21,392 - ERROR - [Livestock (sheep, two-year-old male) | North] Error during spatial analysis: 0
2024-09-23 12:41:21,506 - INFO - [Livestock (sheep, two-year-old male) | South] Starting spatial analysis.
2024-09-23 12:41:21,511 - ERROR - Failed to create spatial weights matrix for 'Livestock (sheep, two-year-old male)' | 'South': 0
2024-09-23 12:41:21,512 - ERROR - [Livestock (sheep, two-year-old male) | South] Error during spatial analysis: 0
2024-09-23 12:41:21,616 - INFO - [Livestock (sheep, two-year-old male) | Unified] Starting spatial analysis.
2024-09-23 12:41:21,631 - ERROR - Failed to create spatial weights matrix for 'Livestock (sheep, two-year-old male)' | 'Unified': 0
2024-09-23 12:41:21,631 - ERROR - [Livestock (sheep, two-year-old male) | Unified] Error during spatial analysis: 0
2024-09-23 12:41:21,802 - INFO - [Oil (vegetable) | North] Starting spatial analysis.
2024-09-23 12:41:21,815 - ERROR - Failed to create spatial weights matrix for 'Oil (vegetable)' | 'North': 0
2024-09-23 12:41:21,815 - ERROR - [Oil (vegetable) | North] Error during spatial analysis: 0
2024-09-23 12:41:21,869 - INFO - [Oil (vegetable) | South] Starting spatial analysis.
2024-09-23 12:41:21,880 - ERROR - Failed to create spatial weights matrix for 'Oil (vegetable)' | 'South': 0
2024-09-23 12:41:21,880 - ERROR - [Oil (vegetable) | South] Error during spatial analysis: 0
2024-09-23 12:41:22,004 - INFO - [Oil (vegetable) | Unified] Starting spatial analysis.
2024-09-23 12:41:22,019 - ERROR - Failed to create spatial weights matrix for 'Oil (vegetable)' | 'Unified': 0
2024-09-23 12:41:22,019 - ERROR - [Oil (vegetable) | Unified] Error during spatial analysis: 0
2024-09-23 12:41:22,131 - INFO - [Onions | North] Starting spatial analysis.
2024-09-23 12:41:22,144 - ERROR - Failed to create spatial weights matrix for 'Onions' | 'North': 0
2024-09-23 12:41:22,144 - ERROR - [Onions | North] Error during spatial analysis: 0
2024-09-23 12:41:22,251 - INFO - [Onions | South] Starting spatial analysis.
2024-09-23 12:41:22,262 - ERROR - Failed to create spatial weights matrix for 'Onions' | 'South': 0
2024-09-23 12:41:22,262 - ERROR - [Onions | South] Error during spatial analysis: 0
2024-09-23 12:41:22,425 - INFO - [Onions | Unified] Starting spatial analysis.
2024-09-23 12:41:22,443 - ERROR - Failed to create spatial weights matrix for 'Onions' | 'Unified': 0
2024-09-23 12:41:22,443 - ERROR - [Onions | Unified] Error during spatial analysis: 0
2024-09-23 12:41:22,557 - INFO - [Peas (yellow, split) | North] Starting spatial analysis.
2024-09-23 12:41:22,568 - ERROR - Failed to create spatial weights matrix for 'Peas (yellow, split)' | 'North': 0
2024-09-23 12:41:22,568 - ERROR - [Peas (yellow, split) | North] Error during spatial analysis: 0
2024-09-23 12:41:22,631 - INFO - [Peas (yellow, split) | South] Starting spatial analysis.
2024-09-23 12:41:22,638 - ERROR - Failed to create spatial weights matrix for 'Peas (yellow, split)' | 'South': 0
2024-09-23 12:41:22,638 - ERROR - [Peas (yellow, split) | South] Error during spatial analysis: 0
2024-09-23 12:41:22,800 - INFO - [Peas (yellow, split) | Unified] Starting spatial analysis.
2024-09-23 12:41:22,814 - ERROR - Failed to create spatial weights matrix for 'Peas (yellow, split)' | 'Unified': 0
2024-09-23 12:41:22,814 - ERROR - [Peas (yellow, split) | Unified] Error during spatial analysis: 0
2024-09-23 12:41:22,931 - INFO - [Rice (imported) | North] Starting spatial analysis.
2024-09-23 12:41:22,943 - ERROR - Failed to create spatial weights matrix for 'Rice (imported)' | 'North': 0
2024-09-23 12:41:22,943 - ERROR - [Rice (imported) | North] Error during spatial analysis: 0
2024-09-23 12:41:23,085 - INFO - [Rice (imported) | South] Starting spatial analysis.
2024-09-23 12:41:23,095 - ERROR - Failed to create spatial weights matrix for 'Rice (imported)' | 'South': 0
2024-09-23 12:41:23,095 - ERROR - [Rice (imported) | South] Error during spatial analysis: 0
2024-09-23 12:41:23,205 - INFO - [Rice (imported) | Unified] Starting spatial analysis.
2024-09-23 12:41:23,219 - ERROR - Failed to create spatial weights matrix for 'Rice (imported)' | 'Unified': 0
2024-09-23 12:41:23,220 - ERROR - [Rice (imported) | Unified] Error during spatial analysis: 0
2024-09-23 12:41:23,295 - INFO - [Salt | North] Starting spatial analysis.
2024-09-23 12:41:23,308 - ERROR - Failed to create spatial weights matrix for 'Salt' | 'North': 0
2024-09-23 12:41:23,308 - ERROR - [Salt | North] Error during spatial analysis: 0
2024-09-23 12:41:23,416 - INFO - [Salt | South] Starting spatial analysis.
2024-09-23 12:41:23,427 - ERROR - Failed to create spatial weights matrix for 'Salt' | 'South': 0
2024-09-23 12:41:23,427 - ERROR - [Salt | South] Error during spatial analysis: 0
2024-09-23 12:41:23,574 - INFO - [Salt | Unified] Starting spatial analysis.
2024-09-23 12:41:23,588 - ERROR - Failed to create spatial weights matrix for 'Salt' | 'Unified': 0
2024-09-23 12:41:23,589 - ERROR - [Salt | Unified] Error during spatial analysis: 0
2024-09-23 12:41:23,660 - INFO - [Sugar | North] Starting spatial analysis.
2024-09-23 12:41:23,674 - ERROR - Failed to create spatial weights matrix for 'Sugar' | 'North': 0
2024-09-23 12:41:23,674 - ERROR - [Sugar | North] Error during spatial analysis: 0
2024-09-23 12:41:23,801 - INFO - [Sugar | South] Starting spatial analysis.
2024-09-23 12:41:23,813 - ERROR - Failed to create spatial weights matrix for 'Sugar' | 'South': 0
2024-09-23 12:41:23,814 - ERROR - [Sugar | South] Error during spatial analysis: 0
2024-09-23 12:41:23,915 - INFO - [Sugar | Unified] Starting spatial analysis.
2024-09-23 12:41:23,931 - ERROR - Failed to create spatial weights matrix for 'Sugar' | 'Unified': 0
2024-09-23 12:41:23,931 - ERROR - [Sugar | Unified] Error during spatial analysis: 0
2024-09-23 12:41:24,038 - INFO - [Tomatoes | North] Starting spatial analysis.
2024-09-23 12:41:24,054 - ERROR - Failed to create spatial weights matrix for 'Tomatoes' | 'North': 0
2024-09-23 12:41:24,054 - ERROR - [Tomatoes | North] Error during spatial analysis: 0
2024-09-23 12:41:24,179 - INFO - [Tomatoes | South] Starting spatial analysis.
2024-09-23 12:41:24,190 - ERROR - Failed to create spatial weights matrix for 'Tomatoes' | 'South': 0
2024-09-23 12:41:24,190 - ERROR - [Tomatoes | South] Error during spatial analysis: 0
2024-09-23 12:41:24,383 - INFO - [Tomatoes | Unified] Starting spatial analysis.
2024-09-23 12:41:24,398 - ERROR - Failed to create spatial weights matrix for 'Tomatoes' | 'Unified': 0
2024-09-23 12:41:24,398 - ERROR - [Tomatoes | Unified] Error during spatial analysis: 0
2024-09-23 12:41:24,475 - INFO - [Wheat flour | North] Starting spatial analysis.
2024-09-23 12:41:24,488 - ERROR - Failed to create spatial weights matrix for 'Wheat flour' | 'North': 0
2024-09-23 12:41:24,488 - ERROR - [Wheat flour | North] Error during spatial analysis: 0
2024-09-23 12:41:24,640 - INFO - [Wheat flour | South] Starting spatial analysis.
2024-09-23 12:41:24,650 - ERROR - Failed to create spatial weights matrix for 'Wheat flour' | 'South': 0
2024-09-23 12:41:24,651 - ERROR - [Wheat flour | South] Error during spatial analysis: 0
2024-09-23 12:41:24,766 - INFO - [Wheat flour | Unified] Starting spatial analysis.
2024-09-23 12:41:24,781 - ERROR - Failed to create spatial weights matrix for 'Wheat flour' | 'Unified': 0
2024-09-23 12:41:24,781 - ERROR - [Wheat flour | Unified] Error during spatial analysis: 0
2024-09-23 12:41:24,901 - INFO - [Wheat | North] Starting spatial analysis.
2024-09-23 12:41:24,914 - ERROR - Failed to create spatial weights matrix for 'Wheat' | 'North': 0
2024-09-23 12:41:24,914 - ERROR - [Wheat | North] Error during spatial analysis: 0
2024-09-23 12:41:25,053 - INFO - [Wheat | South] Starting spatial analysis.
2024-09-23 12:41:25,064 - ERROR - Failed to create spatial weights matrix for 'Wheat' | 'South': 0
2024-09-23 12:41:25,064 - ERROR - [Wheat | South] Error during spatial analysis: 0
2024-09-23 12:41:25,145 - INFO - [Wheat | Unified] Starting spatial analysis.
2024-09-23 12:41:25,158 - ERROR - Failed to create spatial weights matrix for 'Wheat' | 'Unified': 0
2024-09-23 12:41:25,158 - ERROR - [Wheat | Unified] Error during spatial analysis: 0
2024-09-23 12:41:25,530 - INFO - Analysis complete. Results saved to 'results/spatial_analysis_results.json'.
2024-09-23 12:41:26,511 - INFO - Created 33,277 records
2024-09-23 12:41:26,512 - INFO - Modified GeoJSON with 'region_id' saved to Econometrics/data/processed/unified_data_with_region_id.geojson.
2024-09-23 12:41:26,550 - ERROR - Failed to create choropleth data: Length mismatch: Expected axis has 2 elements, new values have 3 elements
2024-09-23 12:41:26,565 - ERROR - Failed to create flow map data: cannot insert region_id, already exists
2024-09-23 12:41:26,604 - INFO - Time-series data saved to 'results/time_series_data'.
2024-09-23 12:58:42,061 - INFO - Loading GeoJSON data from Econometrics/data/processed/unified_data.geojson.
2024-09-23 12:58:43,539 - INFO - 'region_id' column assigned using 'market_id'.
2024-09-23 12:58:43,540 - INFO - GeoJSON data loaded with 33277 records.
2024-09-23 12:58:46,495 - INFO - Spatial analysis completed for 'Beans (kidney red)' in 'North' regime.
2024-09-23 12:58:46,588 - INFO - Spatial analysis completed for 'Beans (kidney red)' in 'South' regime.
2024-09-23 12:58:46,730 - INFO - Spatial analysis completed for 'Beans (kidney red)' in 'Unified' regime.
2024-09-23 12:58:46,847 - INFO - Spatial analysis completed for 'Beans (white)' in 'North' regime.
2024-09-23 12:58:46,952 - INFO - Spatial analysis completed for 'Beans (white)' in 'South' regime.
2024-09-23 12:58:47,083 - INFO - Spatial analysis completed for 'Beans (white)' in 'Unified' regime.
2024-09-23 12:58:47,188 - INFO - Spatial analysis completed for 'Eggs' in 'North' regime.
2024-09-23 12:58:47,343 - INFO - Spatial analysis completed for 'Eggs' in 'South' regime.
2024-09-23 12:58:47,484 - INFO - Spatial analysis completed for 'Eggs' in 'Unified' regime.
2024-09-23 12:58:47,642 - INFO - Spatial analysis completed for 'Fuel (diesel)' in 'North' regime.
2024-09-23 12:58:47,790 - INFO - Spatial analysis completed for 'Fuel (diesel)' in 'South' regime.
2024-09-23 12:58:47,933 - INFO - Spatial analysis completed for 'Fuel (diesel)' in 'Unified' regime.
2024-09-23 12:58:48,074 - INFO - Spatial analysis completed for 'Fuel (gas)' in 'North' regime.
2024-09-23 12:58:48,218 - INFO - Spatial analysis completed for 'Fuel (gas)' in 'South' regime.
2024-09-23 12:58:48,322 - INFO - Spatial analysis completed for 'Fuel (gas)' in 'Unified' regime.
2024-09-23 12:58:48,459 - INFO - Spatial analysis completed for 'Fuel (petrol-gasoline)' in 'North' regime.
2024-09-23 12:58:48,609 - INFO - Spatial analysis completed for 'Fuel (petrol-gasoline)' in 'South' regime.
2024-09-23 12:58:48,820 - INFO - Spatial analysis completed for 'Fuel (petrol-gasoline)' in 'Unified' regime.
2024-09-23 12:58:48,944 - INFO - Spatial analysis completed for 'Lentils' in 'North' regime.
2024-09-23 12:58:49,074 - INFO - Spatial analysis completed for 'Lentils' in 'South' regime.
2024-09-23 12:58:49,228 - INFO - Spatial analysis completed for 'Lentils' in 'Unified' regime.
2024-09-23 12:58:49,336 - INFO - Spatial analysis completed for 'Livestock (sheep, two-year-old male)' in 'North' regime.
2024-09-23 12:58:49,471 - INFO - Spatial analysis completed for 'Livestock (sheep, two-year-old male)' in 'South' regime.
2024-09-23 12:58:49,703 - INFO - Spatial analysis completed for 'Livestock (sheep, two-year-old male)' in 'Unified' regime.
2024-09-23 12:58:49,843 - INFO - Spatial analysis completed for 'Oil (vegetable)' in 'North' regime.
2024-09-23 12:58:49,936 - INFO - Spatial analysis completed for 'Oil (vegetable)' in 'South' regime.
2024-09-23 12:58:50,244 - INFO - Spatial analysis completed for 'Oil (vegetable)' in 'Unified' regime.
2024-09-23 12:58:50,426 - INFO - Spatial analysis completed for 'Onions' in 'North' regime.
2024-09-23 12:58:50,660 - INFO - Spatial analysis completed for 'Onions' in 'South' regime.
2024-09-23 12:58:50,859 - INFO - Spatial analysis completed for 'Onions' in 'Unified' regime.
2024-09-23 12:58:50,937 - INFO - Spatial analysis completed for 'Peas (yellow, split)' in 'North' regime.
2024-09-23 12:58:51,085 - INFO - Spatial analysis completed for 'Peas (yellow, split)' in 'South' regime.
2024-09-23 12:58:51,274 - INFO - Spatial analysis completed for 'Peas (yellow, split)' in 'Unified' regime.
2024-09-23 12:58:51,357 - INFO - Spatial analysis completed for 'Rice (imported)' in 'North' regime.
2024-09-23 12:58:51,508 - INFO - Spatial analysis completed for 'Rice (imported)' in 'South' regime.
2024-09-23 12:58:51,670 - INFO - Spatial analysis completed for 'Rice (imported)' in 'Unified' regime.
2024-09-23 12:58:51,775 - INFO - Spatial analysis completed for 'Salt' in 'North' regime.
2024-09-23 12:58:51,904 - INFO - Spatial analysis completed for 'Salt' in 'South' regime.
2024-09-23 12:58:52,067 - INFO - Spatial analysis completed for 'Salt' in 'Unified' regime.
2024-09-23 12:58:52,189 - INFO - Spatial analysis completed for 'Sugar' in 'North' regime.
2024-09-23 12:58:52,319 - INFO - Spatial analysis completed for 'Sugar' in 'South' regime.
2024-09-23 12:58:52,475 - INFO - Spatial analysis completed for 'Sugar' in 'Unified' regime.
2024-09-23 12:58:52,642 - INFO - Spatial analysis completed for 'Tomatoes' in 'North' regime.
2024-09-23 12:58:52,767 - INFO - Spatial analysis completed for 'Tomatoes' in 'South' regime.
2024-09-23 12:58:52,962 - INFO - Spatial analysis completed for 'Tomatoes' in 'Unified' regime.
2024-09-23 12:58:53,079 - INFO - Spatial analysis completed for 'Wheat flour' in 'North' regime.
2024-09-23 12:58:53,272 - INFO - Spatial analysis completed for 'Wheat flour' in 'South' regime.
2024-09-23 12:58:53,378 - INFO - Spatial analysis completed for 'Wheat flour' in 'Unified' regime.
2024-09-23 12:58:53,493 - INFO - Spatial analysis completed for 'Wheat' in 'North' regime.
2024-09-23 12:58:53,585 - INFO - Spatial analysis completed for 'Wheat' in 'South' regime.
2024-09-23 12:58:53,719 - INFO - Spatial analysis completed for 'Wheat' in 'Unified' regime.
2024-09-23 12:58:54,210 - INFO - Analysis complete. Results saved to 'results/spatial_analysis_results.json'.
2024-09-23 12:58:55,268 - INFO - Created 33,277 records
2024-09-23 12:58:55,269 - INFO - Modified GeoJSON with 'region_id' saved to Econometrics/data/processed/unified_data_with_region_id.geojson.
2024-09-23 13:04:12,378 - INFO - Loading GeoJSON data from Econometrics/data/processed/unified_data.geojson.
2024-09-23 13:04:13,878 - INFO - 'region_id' column assigned using 'market_id'.
2024-09-23 13:04:13,879 - INFO - GeoJSON data loaded with 33277 records.
2024-09-23 13:04:16,836 - INFO - Spatial analysis completed for 'Beans (kidney red)' in 'North' regime.
2024-09-23 13:04:16,976 - INFO - Spatial analysis completed for 'Beans (kidney red)' in 'South' regime.
2024-09-23 13:04:17,124 - INFO - Spatial analysis completed for 'Beans (kidney red)' in 'Unified' regime.
2024-09-23 13:04:17,249 - INFO - Spatial analysis completed for 'Beans (white)' in 'North' regime.
2024-09-23 13:04:17,372 - INFO - Spatial analysis completed for 'Beans (white)' in 'South' regime.
2024-09-23 13:04:17,560 - INFO - Spatial analysis completed for 'Beans (white)' in 'Unified' regime.
2024-09-23 13:04:17,681 - INFO - Spatial analysis completed for 'Eggs' in 'North' regime.
2024-09-23 13:04:17,877 - INFO - Spatial analysis completed for 'Eggs' in 'South' regime.
2024-09-23 13:04:18,033 - INFO - Spatial analysis completed for 'Eggs' in 'Unified' regime.
2024-09-23 13:04:18,162 - INFO - Spatial analysis completed for 'Fuel (diesel)' in 'North' regime.
2024-09-23 13:04:18,305 - INFO - Spatial analysis completed for 'Fuel (diesel)' in 'South' regime.
2024-09-23 13:04:18,495 - INFO - Spatial analysis completed for 'Fuel (diesel)' in 'Unified' regime.
2024-09-23 13:04:18,620 - INFO - Spatial analysis completed for 'Fuel (gas)' in 'North' regime.
2024-09-23 13:04:18,765 - INFO - Spatial analysis completed for 'Fuel (gas)' in 'South' regime.
2024-09-23 13:04:18,858 - INFO - Spatial analysis completed for 'Fuel (gas)' in 'Unified' regime.
2024-09-23 13:04:18,982 - INFO - Spatial analysis completed for 'Fuel (petrol-gasoline)' in 'North' regime.
2024-09-23 13:04:19,109 - INFO - Spatial analysis completed for 'Fuel (petrol-gasoline)' in 'South' regime.
2024-09-23 13:04:19,289 - INFO - Spatial analysis completed for 'Fuel (petrol-gasoline)' in 'Unified' regime.
2024-09-23 13:04:19,392 - INFO - Spatial analysis completed for 'Lentils' in 'North' regime.
2024-09-23 13:04:19,517 - INFO - Spatial analysis completed for 'Lentils' in 'South' regime.
2024-09-23 13:04:19,651 - INFO - Spatial analysis completed for 'Lentils' in 'Unified' regime.
2024-09-23 13:04:19,742 - INFO - Spatial analysis completed for 'Livestock (sheep, two-year-old male)' in 'North' regime.
2024-09-23 13:04:19,859 - INFO - Spatial analysis completed for 'Livestock (sheep, two-year-old male)' in 'South' regime.
2024-09-23 13:04:20,038 - INFO - Spatial analysis completed for 'Livestock (sheep, two-year-old male)' in 'Unified' regime.
2024-09-23 13:04:20,154 - INFO - Spatial analysis completed for 'Oil (vegetable)' in 'North' regime.
2024-09-23 13:04:20,235 - INFO - Spatial analysis completed for 'Oil (vegetable)' in 'South' regime.
2024-09-23 13:04:20,402 - INFO - Spatial analysis completed for 'Oil (vegetable)' in 'Unified' regime.
2024-09-23 13:04:20,514 - INFO - Spatial analysis completed for 'Onions' in 'North' regime.
2024-09-23 13:04:20,665 - INFO - Spatial analysis completed for 'Onions' in 'South' regime.
2024-09-23 13:04:20,805 - INFO - Spatial analysis completed for 'Onions' in 'Unified' regime.
2024-09-23 13:04:20,870 - INFO - Spatial analysis completed for 'Peas (yellow, split)' in 'North' regime.
2024-09-23 13:04:20,989 - INFO - Spatial analysis completed for 'Peas (yellow, split)' in 'South' regime.
2024-09-23 13:04:21,163 - INFO - Spatial analysis completed for 'Peas (yellow, split)' in 'Unified' regime.
2024-09-23 13:04:21,245 - INFO - Spatial analysis completed for 'Rice (imported)' in 'North' regime.
2024-09-23 13:04:21,366 - INFO - Spatial analysis completed for 'Rice (imported)' in 'South' regime.
2024-09-23 13:04:21,514 - INFO - Spatial analysis completed for 'Rice (imported)' in 'Unified' regime.
2024-09-23 13:04:21,630 - INFO - Spatial analysis completed for 'Salt' in 'North' regime.
2024-09-23 13:04:21,765 - INFO - Spatial analysis completed for 'Salt' in 'South' regime.
2024-09-23 13:04:21,906 - INFO - Spatial analysis completed for 'Salt' in 'Unified' regime.
2024-09-23 13:04:22,046 - INFO - Spatial analysis completed for 'Sugar' in 'North' regime.
2024-09-23 13:04:22,175 - INFO - Spatial analysis completed for 'Sugar' in 'South' regime.
2024-09-23 13:04:22,338 - INFO - Spatial analysis completed for 'Sugar' in 'Unified' regime.
2024-09-23 13:04:22,495 - INFO - Spatial analysis completed for 'Tomatoes' in 'North' regime.
2024-09-23 13:04:22,615 - INFO - Spatial analysis completed for 'Tomatoes' in 'South' regime.
2024-09-23 13:04:22,780 - INFO - Spatial analysis completed for 'Tomatoes' in 'Unified' regime.
2024-09-23 13:04:22,919 - INFO - Spatial analysis completed for 'Wheat flour' in 'North' regime.
2024-09-23 13:04:23,039 - INFO - Spatial analysis completed for 'Wheat flour' in 'South' regime.
2024-09-23 13:04:23,210 - INFO - Spatial analysis completed for 'Wheat flour' in 'Unified' regime.
2024-09-23 13:04:23,356 - INFO - Spatial analysis completed for 'Wheat' in 'North' regime.
2024-09-23 13:04:23,414 - INFO - Spatial analysis completed for 'Wheat' in 'South' regime.
2024-09-23 13:04:23,538 - INFO - Spatial analysis completed for 'Wheat' in 'Unified' regime.
2024-09-23 13:04:24,002 - INFO - Analysis complete. Results saved to 'results/spatial_analysis_results.json'.
2024-09-23 13:04:24,997 - INFO - Created 33,277 records
2024-09-23 13:04:24,998 - INFO - Modified GeoJSON with 'region_id' saved to Econometrics/data/processed/unified_data_with_region_id.geojson.
2024-09-23 13:04:31,164 - INFO - Spatial weights saved to results/spatial_weights.json.
2024-09-23 13:05:05,816 - INFO - Flow map saved to results/flow_maps.csv.
2024-09-23 13:05:05,835 - INFO - Average prices saved to results/average_prices.csv.
2024-09-23 13:05:42,001 - INFO - Loading GeoJSON data from Econometrics/data/processed/unified_data.geojson.
2024-09-23 13:05:43,468 - INFO - 'region_id' column assigned using 'market_id'.
2024-09-23 13:05:43,469 - INFO - GeoJSON data loaded with 33277 records.
2024-09-23 13:05:46,589 - INFO - Spatial analysis completed for 'Beans (kidney red)' in 'North' regime.
2024-09-23 13:05:46,716 - INFO - Spatial analysis completed for 'Beans (kidney red)' in 'South' regime.
2024-09-23 13:05:46,858 - INFO - Spatial analysis completed for 'Beans (kidney red)' in 'Unified' regime.
2024-09-23 13:05:46,987 - INFO - Spatial analysis completed for 'Beans (white)' in 'North' regime.
2024-09-23 13:05:47,152 - INFO - Spatial analysis completed for 'Beans (white)' in 'South' regime.
2024-09-23 13:05:47,251 - INFO - Spatial analysis completed for 'Beans (white)' in 'Unified' regime.
2024-09-23 13:05:47,393 - INFO - Spatial analysis completed for 'Eggs' in 'North' regime.
2024-09-23 13:05:47,508 - INFO - Spatial analysis completed for 'Eggs' in 'South' regime.
2024-09-23 13:05:47,687 - INFO - Spatial analysis completed for 'Eggs' in 'Unified' regime.
2024-09-23 13:05:47,827 - INFO - Spatial analysis completed for 'Fuel (diesel)' in 'North' regime.
2024-09-23 13:05:47,966 - INFO - Spatial analysis completed for 'Fuel (diesel)' in 'South' regime.
2024-09-23 13:05:48,067 - INFO - Spatial analysis completed for 'Fuel (diesel)' in 'Unified' regime.
2024-09-23 13:05:48,267 - INFO - Spatial analysis completed for 'Fuel (gas)' in 'North' regime.
2024-09-23 13:05:48,382 - INFO - Spatial analysis completed for 'Fuel (gas)' in 'South' regime.
2024-09-23 13:05:48,563 - INFO - Spatial analysis completed for 'Fuel (gas)' in 'Unified' regime.
2024-09-23 13:05:48,636 - INFO - Spatial analysis completed for 'Fuel (petrol-gasoline)' in 'North' regime.
2024-09-23 13:05:48,792 - INFO - Spatial analysis completed for 'Fuel (petrol-gasoline)' in 'South' regime.
2024-09-23 13:05:49,021 - INFO - Spatial analysis completed for 'Fuel (petrol-gasoline)' in 'Unified' regime.
2024-09-23 13:05:49,199 - INFO - Spatial analysis completed for 'Lentils' in 'North' regime.
2024-09-23 13:05:49,268 - INFO - Spatial analysis completed for 'Lentils' in 'South' regime.
2024-09-23 13:05:49,413 - INFO - Spatial analysis completed for 'Lentils' in 'Unified' regime.
2024-09-23 13:05:49,505 - INFO - Spatial analysis completed for 'Livestock (sheep, two-year-old male)' in 'North' regime.
2024-09-23 13:05:49,620 - INFO - Spatial analysis completed for 'Livestock (sheep, two-year-old male)' in 'South' regime.
2024-09-23 13:05:49,862 - INFO - Spatial analysis completed for 'Livestock (sheep, two-year-old male)' in 'Unified' regime.
2024-09-23 13:05:49,971 - INFO - Spatial analysis completed for 'Oil (vegetable)' in 'North' regime.
2024-09-23 13:05:50,055 - INFO - Spatial analysis completed for 'Oil (vegetable)' in 'South' regime.
2024-09-23 13:05:50,255 - INFO - Spatial analysis completed for 'Oil (vegetable)' in 'Unified' regime.
2024-09-23 13:05:50,382 - INFO - Spatial analysis completed for 'Onions' in 'North' regime.
2024-09-23 13:05:50,457 - INFO - Spatial analysis completed for 'Onions' in 'South' regime.
2024-09-23 13:05:50,654 - INFO - Spatial analysis completed for 'Onions' in 'Unified' regime.
2024-09-23 13:05:50,709 - INFO - Spatial analysis completed for 'Peas (yellow, split)' in 'North' regime.
2024-09-23 13:05:50,836 - INFO - Spatial analysis completed for 'Peas (yellow, split)' in 'South' regime.
2024-09-23 13:05:50,965 - INFO - Spatial analysis completed for 'Peas (yellow, split)' in 'Unified' regime.
2024-09-23 13:05:51,083 - INFO - Spatial analysis completed for 'Rice (imported)' in 'North' regime.
2024-09-23 13:05:51,202 - INFO - Spatial analysis completed for 'Rice (imported)' in 'South' regime.
2024-09-23 13:05:51,393 - INFO - Spatial analysis completed for 'Rice (imported)' in 'Unified' regime.
2024-09-23 13:05:51,468 - INFO - Spatial analysis completed for 'Salt' in 'North' regime.
2024-09-23 13:05:51,590 - INFO - Spatial analysis completed for 'Salt' in 'South' regime.
2024-09-23 13:05:51,748 - INFO - Spatial analysis completed for 'Salt' in 'Unified' regime.
2024-09-23 13:05:51,919 - INFO - Spatial analysis completed for 'Sugar' in 'North' regime.
2024-09-23 13:05:52,010 - INFO - Spatial analysis completed for 'Sugar' in 'South' regime.
2024-09-23 13:05:52,154 - INFO - Spatial analysis completed for 'Sugar' in 'Unified' regime.
2024-09-23 13:05:52,257 - INFO - Spatial analysis completed for 'Tomatoes' in 'North' regime.
2024-09-23 13:05:52,408 - INFO - Spatial analysis completed for 'Tomatoes' in 'South' regime.
2024-09-23 13:05:52,573 - INFO - Spatial analysis completed for 'Tomatoes' in 'Unified' regime.
2024-09-23 13:05:52,680 - INFO - Spatial analysis completed for 'Wheat flour' in 'North' regime.
2024-09-23 13:05:52,764 - INFO - Spatial analysis completed for 'Wheat flour' in 'South' regime.
2024-09-23 13:05:52,949 - INFO - Spatial analysis completed for 'Wheat flour' in 'Unified' regime.
2024-09-23 13:05:53,054 - INFO - Spatial analysis completed for 'Wheat' in 'North' regime.
2024-09-23 13:05:53,186 - INFO - Spatial analysis completed for 'Wheat' in 'South' regime.
2024-09-23 13:05:53,277 - INFO - Spatial analysis completed for 'Wheat' in 'Unified' regime.
2024-09-23 13:05:53,728 - INFO - Analysis complete. Results saved to 'results/spatial_analysis_results.json'.
2024-09-23 13:05:54,716 - INFO - Created 33,277 records
2024-09-23 13:05:54,717 - INFO - Modified GeoJSON with 'region_id' saved to Econometrics/data/processed/unified_data_with_region_id.geojson.
2024-09-23 13:06:01,013 - INFO - Spatial weights saved to results/spatial_weights.json.
2024-09-23 13:06:35,321 - INFO - Flow map saved to results/flow_maps.csv.
2024-09-23 13:06:35,341 - INFO - Average prices saved to results/average_prices.csv.
